{"/home/travis/build/npmtest/node-npmtest-cssnext/test.js":{"path":"/home/travis/build/npmtest/node-npmtest-cssnext/test.js","s":{"1":2,"2":2,"3":2,"4":2,"5":2,"6":2,"7":2,"8":1,"9":2,"10":2,"11":1,"12":1,"13":1,"14":1,"15":2,"16":2,"17":2,"18":2,"19":1,"20":1,"21":2,"22":2,"23":2,"24":1,"25":1,"26":1,"27":1,"28":1,"29":1,"30":1,"31":1,"32":1,"33":1,"34":1,"35":1,"36":1,"37":1,"38":1,"39":2,"40":2,"41":1,"42":2,"43":2,"44":1,"45":2,"46":2,"47":1,"48":2,"49":2,"50":1,"51":1,"52":1,"53":1,"54":1},"b":{"1":[2,1,1,1],"2":[1,1,1,1],"3":[1,1],"4":[1,1],"5":[1,1],"6":[1,1],"7":[1,1],"8":[1,1],"9":[1,1],"10":[1,1,1],"11":[1,1],"12":[1,1],"13":[1,1],"14":[1,1],"15":[1,1],"16":[1,1],"17":[1,1]},"f":{"1":2,"2":2,"3":2,"4":2,"5":2,"6":1,"7":1,"8":1,"9":2,"10":2,"11":2,"12":2,"13":1},"fnMap":{"1":{"name":"(anonymous_1)","line":12,"loc":{"start":{"line":12,"column":1},"end":{"line":12,"column":13}}},"2":{"name":"(anonymous_2)","line":19,"loc":{"start":{"line":19,"column":5},"end":{"line":19,"column":17}}},"3":{"name":"(anonymous_3)","line":23,"loc":{"start":{"line":23,"column":24},"end":{"line":23,"column":36}}},"4":{"name":"(anonymous_4)","line":61,"loc":{"start":{"line":61,"column":5},"end":{"line":61,"column":17}}},"5":{"name":"(anonymous_5)","line":82,"loc":{"start":{"line":82,"column":5},"end":{"line":82,"column":17}}},"6":{"name":"(anonymous_6)","line":91,"loc":{"start":{"line":91,"column":77},"end":{"line":94,"column":10}}},"7":{"name":"(anonymous_7)","line":112,"loc":{"start":{"line":112,"column":83},"end":{"line":115,"column":10}},"skip":true},"8":{"name":"(anonymous_8)","line":123,"loc":{"start":{"line":123,"column":77},"end":{"line":126,"column":10}},"skip":true},"9":{"name":"(anonymous_9)","line":139,"loc":{"start":{"line":139,"column":12},"end":{"line":139,"column":40}},"skip":true},"10":{"name":"(anonymous_10)","line":147,"loc":{"start":{"line":147,"column":77},"end":{"line":150,"column":10}},"skip":true},"11":{"name":"(anonymous_11)","line":158,"loc":{"start":{"line":158,"column":83},"end":{"line":161,"column":10}},"skip":true},"12":{"name":"(anonymous_12)","line":169,"loc":{"start":{"line":169,"column":79},"end":{"line":172,"column":10}},"skip":true},"13":{"name":"(anonymous_13)","line":180,"loc":{"start":{"line":180,"column":75},"end":{"line":183,"column":10}},"skip":true}},"statementMap":{"1":{"start":{"line":12,"column":0},"end":{"line":195,"column":5}},"2":{"start":{"line":14,"column":4},"end":{"line":14,"column":14}},"3":{"start":{"line":19,"column":4},"end":{"line":56,"column":9}},"4":{"start":{"line":21,"column":8},"end":{"line":21,"column":19}},"5":{"start":{"line":23,"column":8},"end":{"line":35,"column":13}},"6":{"start":{"line":24,"column":12},"end":{"line":34,"column":13}},"7":{"start":{"line":25,"column":16},"end":{"line":28,"column":30}},"8":{"start":{"line":30,"column":16},"end":{"line":33,"column":27}},"9":{"start":{"line":37,"column":8},"end":{"line":39,"column":21}},"10":{"start":{"line":40,"column":8},"end":{"line":53,"column":9}},"11":{"start":{"line":43,"column":12},"end":{"line":46,"column":14}},"12":{"start":{"line":47,"column":12},"end":{"line":47,"column":18}},"13":{"start":{"line":50,"column":12},"end":{"line":51,"column":46}},"14":{"start":{"line":52,"column":12},"end":{"line":52,"column":18}},"15":{"start":{"line":55,"column":8},"end":{"line":55,"column":35}},"16":{"start":{"line":61,"column":4},"end":{"line":63,"column":9}},"17":{"start":{"line":62,"column":8},"end":{"line":62,"column":15}},"18":{"start":{"line":64,"column":4},"end":{"line":77,"column":5}},"19":{"start":{"line":70,"column":8},"end":{"line":70,"column":14}},"20":{"start":{"line":76,"column":8},"end":{"line":76,"column":14}},"21":{"start":{"line":82,"column":4},"end":{"line":84,"column":9}},"22":{"start":{"line":83,"column":8},"end":{"line":83,"column":15}},"23":{"start":{"line":85,"column":4},"end":{"line":194,"column":5}},"24":{"start":{"line":91,"column":8},"end":{"line":99,"column":10}},"25":{"start":{"line":98,"column":12},"end":{"line":98,"column":35}},"26":{"start":{"line":102,"column":8},"end":{"line":104,"column":63}},"27":{"start":{"line":105,"column":8},"end":{"line":105,"column":14}},"28":{"start":{"line":112,"column":8},"end":{"line":121,"column":10},"skip":true},"29":{"start":{"line":119,"column":12},"end":{"line":119,"column":55},"skip":true},"30":{"start":{"line":120,"column":12},"end":{"line":120,"column":48},"skip":true},"31":{"start":{"line":123,"column":8},"end":{"line":136,"column":10},"skip":true},"32":{"start":{"line":130,"column":12},"end":{"line":130,"column":76},"skip":true},"33":{"start":{"line":131,"column":12},"end":{"line":131,"column":73},"skip":true},"34":{"start":{"line":132,"column":12},"end":{"line":132,"column":74},"skip":true},"35":{"start":{"line":133,"column":12},"end":{"line":133,"column":79},"skip":true},"36":{"start":{"line":134,"column":12},"end":{"line":134,"column":25},"skip":true},"37":{"start":{"line":135,"column":12},"end":{"line":135,"column":45},"skip":true},"38":{"start":{"line":138,"column":8},"end":{"line":145,"column":14},"skip":true},"39":{"start":{"line":143,"column":16},"end":{"line":143,"column":29},"skip":true},"40":{"start":{"line":144,"column":16},"end":{"line":144,"column":55},"skip":true},"41":{"start":{"line":147,"column":8},"end":{"line":156,"column":10},"skip":true},"42":{"start":{"line":154,"column":12},"end":{"line":154,"column":25},"skip":true},"43":{"start":{"line":155,"column":12},"end":{"line":155,"column":45},"skip":true},"44":{"start":{"line":158,"column":8},"end":{"line":167,"column":10},"skip":true},"45":{"start":{"line":165,"column":12},"end":{"line":165,"column":25},"skip":true},"46":{"start":{"line":166,"column":12},"end":{"line":166,"column":48},"skip":true},"47":{"start":{"line":169,"column":8},"end":{"line":178,"column":10},"skip":true},"48":{"start":{"line":176,"column":12},"end":{"line":176,"column":25},"skip":true},"49":{"start":{"line":177,"column":12},"end":{"line":177,"column":46},"skip":true},"50":{"start":{"line":180,"column":8},"end":{"line":189,"column":10},"skip":true},"51":{"start":{"line":187,"column":12},"end":{"line":187,"column":94},"skip":true},"52":{"start":{"line":188,"column":12},"end":{"line":188,"column":48},"skip":true},"53":{"start":{"line":192,"column":8},"end":{"line":192,"column":35},"skip":true},"54":{"start":{"line":193,"column":8},"end":{"line":193,"column":14},"skip":true}},"branchMap":{"1":{"line":25,"type":"binary-expr","locations":[{"start":{"line":25,"column":23},"end":{"line":25,"column":62}},{"start":{"line":26,"column":20},"end":{"line":26,"column":70}},{"start":{"line":27,"column":20},"end":{"line":27,"column":71}},{"start":{"line":28,"column":20},"end":{"line":28,"column":29}}]},"2":{"line":30,"type":"binary-expr","locations":[{"start":{"line":30,"column":23},"end":{"line":30,"column":37}},{"start":{"line":31,"column":20},"end":{"line":31,"column":61}},{"start":{"line":32,"column":20},"end":{"line":32,"column":70}},{"start":{"line":33,"column":20},"end":{"line":33,"column":26}}]},"3":{"line":37,"type":"cond-expr","locations":[{"start":{"line":38,"column":14},"end":{"line":38,"column":20}},{"start":{"line":39,"column":14},"end":{"line":39,"column":20}}]},"4":{"line":40,"type":"switch","locations":[{"start":{"line":42,"column":8},"end":{"line":47,"column":18}},{"start":{"line":49,"column":8},"end":{"line":52,"column":18}}]},"5":{"line":44,"type":"binary-expr","locations":[{"start":{"line":44,"column":16},"end":{"line":44,"column":44}},{"start":{"line":44,"column":48},"end":{"line":44,"column":66}}]},"6":{"line":50,"type":"binary-expr","locations":[{"start":{"line":50,"column":21},"end":{"line":50,"column":49}},{"start":{"line":50,"column":53},"end":{"line":50,"column":72}}]},"7":{"line":64,"type":"switch","locations":[{"start":{"line":69,"column":4},"end":{"line":70,"column":14}},{"start":{"line":75,"column":4},"end":{"line":76,"column":14}}]},"8":{"line":85,"type":"switch","locations":[{"start":{"line":90,"column":4},"end":{"line":105,"column":14}},{"start":{"line":111,"column":4},"end":{"line":193,"column":14},"skip":true}]},"9":{"line":91,"type":"binary-expr","locations":[{"start":{"line":91,"column":42},"end":{"line":91,"column":73}},{"start":{"line":91,"column":77},"end":{"line":99,"column":9}}]},"10":{"line":102,"type":"binary-expr","locations":[{"start":{"line":102,"column":18},"end":{"line":102,"column":32}},{"start":{"line":103,"column":12},"end":{"line":103,"column":53}},{"start":{"line":104,"column":12},"end":{"line":104,"column":61}}]},"11":{"line":112,"type":"binary-expr","locations":[{"start":{"line":112,"column":45},"end":{"line":112,"column":79},"skip":true},{"start":{"line":112,"column":83},"end":{"line":121,"column":9},"skip":true}]},"12":{"line":123,"type":"binary-expr","locations":[{"start":{"line":123,"column":42},"end":{"line":123,"column":73},"skip":true},{"start":{"line":123,"column":77},"end":{"line":136,"column":9},"skip":true}]},"13":{"line":138,"type":"binary-expr","locations":[{"start":{"line":138,"column":48},"end":{"line":138,"column":85},"skip":true},{"start":{"line":139,"column":12},"end":{"line":145,"column":13},"skip":true}]},"14":{"line":147,"type":"binary-expr","locations":[{"start":{"line":147,"column":42},"end":{"line":147,"column":73},"skip":true},{"start":{"line":147,"column":77},"end":{"line":156,"column":9},"skip":true}]},"15":{"line":158,"type":"binary-expr","locations":[{"start":{"line":158,"column":45},"end":{"line":158,"column":79},"skip":true},{"start":{"line":158,"column":83},"end":{"line":167,"column":9},"skip":true}]},"16":{"line":169,"type":"binary-expr","locations":[{"start":{"line":169,"column":43},"end":{"line":169,"column":75},"skip":true},{"start":{"line":169,"column":79},"end":{"line":178,"column":9},"skip":true}]},"17":{"line":180,"type":"binary-expr","locations":[{"start":{"line":180,"column":41},"end":{"line":180,"column":71},"skip":true},{"start":{"line":180,"column":75},"end":{"line":189,"column":9},"skip":true}]}},"code":["/* istanbul instrument in package npmtest_cssnext */","/*jslint","    bitwise: true,","    browser: true,","    maxerr: 8,","    maxlen: 96,","    node: true,","    nomen: true,","    regexp: true,","    stupid: true","*/","(function () {","    'use strict';","    var local;","","","","    // run shared js-env code - pre-init","    (function () {","        // init local","        local = {};","        // init modeJs","        local.modeJs = (function () {","            try {","                return typeof navigator.userAgent === 'string' &&","                    typeof document.querySelector('body') === 'object' &&","                    typeof XMLHttpRequest.prototype.open === 'function' &&","                    'browser';","            } catch (errorCaughtBrowser) {","                return module.exports &&","                    typeof process.versions.node === 'string' &&","                    typeof require('http').createServer === 'function' &&","                    'node';","            }","        }());","        // init global","        local.global = local.modeJs === 'browser'","            ? window","            : global;","        switch (local.modeJs) {","        // re-init local from window.local","        case 'browser':","            local = local.global.utility2.objectSetDefault(","                local.global.utility2_rollup || local.global.local,","                local.global.utility2","            );","            break;","        // re-init local from example.js","        case 'node':","            local = (local.global.utility2_rollup || require('utility2'))","                .requireExampleJsFromReadme();","            break;","        }","        // export local","        local.global.local = local;","    }());","","","","    // run shared js-env code - function","    (function () {","        return;","    }());","    switch (local.modeJs) {","","","","    // run browser js-env code - function","    case 'browser':","        break;","","","","    // run node js-env code - function","    case 'node':","        break;","    }","","","","    // run shared js-env code - post-init","    (function () {","        return;","    }());","    switch (local.modeJs) {","","","","    // run browser js-env code - post-init","    case 'browser':","        local.testCase_browser_nullCase = local.testCase_browser_nullCase || function (","            options,","            onError","        ) {","        /*","         * this function will test browsers's null-case handling-behavior-behavior","         */","            onError(null, options);","        };","","        // run tests","        local.nop(local.modeTest &&","            document.querySelector('#testRunButton1') &&","            document.querySelector('#testRunButton1').click());","        break;","","","","    // run node js-env code - post-init","    /* istanbul ignore next */","    case 'node':","        local.testCase_buildApidoc_default = local.testCase_buildApidoc_default || function (","            options,","            onError","        ) {","        /*","         * this function will test buildApidoc's default handling-behavior-behavior","         */","            options = { modulePathList: module.paths };","            local.buildApidoc(options, onError);","        };","","        local.testCase_buildApp_default = local.testCase_buildApp_default || function (","            options,","            onError","        ) {","        /*","         * this function will test buildApp's default handling-behavior-behavior","         */","            local.testCase_buildReadme_default(options, local.onErrorThrow);","            local.testCase_buildLib_default(options, local.onErrorThrow);","            local.testCase_buildTest_default(options, local.onErrorThrow);","            local.testCase_buildCustomOrg_default(options, local.onErrorThrow);","            options = [];","            local.buildApp(options, onError);","        };","","        local.testCase_buildCustomOrg_default = local.testCase_buildCustomOrg_default ||","            function (options, onError) {","            /*","             * this function will test buildCustomOrg's default handling-behavior","             */","                options = {};","                local.buildCustomOrg(options, onError);","            };","","        local.testCase_buildLib_default = local.testCase_buildLib_default || function (","            options,","            onError","        ) {","        /*","         * this function will test buildLib's default handling-behavior","         */","            options = {};","            local.buildLib(options, onError);","        };","","        local.testCase_buildReadme_default = local.testCase_buildReadme_default || function (","            options,","            onError","        ) {","        /*","         * this function will test buildReadme's default handling-behavior-behavior","         */","            options = {};","            local.buildReadme(options, onError);","        };","","        local.testCase_buildTest_default = local.testCase_buildTest_default || function (","            options,","            onError","        ) {","        /*","         * this function will test buildTest's default handling-behavior","         */","            options = {};","            local.buildTest(options, onError);","        };","","        local.testCase_webpage_default = local.testCase_webpage_default || function (","            options,","            onError","        ) {","        /*","         * this function will test webpage's default handling-behavior","         */","            options = { modeCoverageMerge: true, url: local.serverLocalHost + '?modeTest=1' };","            local.browserTest(options, onError);","        };","","        // run test-server","        local.testRunServer(local);","        break;","    }","}());",""],"l":{"12":2,"14":2,"19":2,"21":2,"23":2,"24":2,"25":2,"30":1,"37":2,"40":2,"43":1,"47":1,"50":1,"52":1,"55":2,"61":2,"62":2,"64":2,"70":1,"76":1,"82":2,"83":2,"85":2,"91":1,"98":1,"102":1,"105":1,"112":1,"119":1,"120":1,"123":1,"130":1,"131":1,"132":1,"133":1,"134":1,"135":1,"138":1,"143":2,"144":2,"147":1,"154":2,"155":2,"158":1,"165":2,"166":2,"169":1,"176":2,"177":2,"180":1,"187":1,"188":1,"192":1,"193":1}},"/home/travis/build/npmtest/node-npmtest-cssnext/lib.npmtest_cssnext.js":{"path":"/home/travis/build/npmtest/node-npmtest-cssnext/lib.npmtest_cssnext.js","s":{"1":2,"2":2,"3":2,"4":2,"5":2,"6":2,"7":2,"8":1,"9":2,"10":2,"11":2,"12":2,"13":1,"14":1,"15":1,"16":1},"b":{"1":[2,1,1,1],"2":[1,1,1,1],"3":[1,1],"4":[2,2],"5":[1,1]},"f":{"1":2,"2":2,"3":2},"fnMap":{"1":{"name":"(anonymous_1)","line":12,"loc":{"start":{"line":12,"column":1},"end":{"line":12,"column":13}}},"2":{"name":"(anonymous_2)","line":19,"loc":{"start":{"line":19,"column":5},"end":{"line":19,"column":17}}},"3":{"name":"(anonymous_3)","line":23,"loc":{"start":{"line":23,"column":24},"end":{"line":23,"column":36}}}},"statementMap":{"1":{"start":{"line":12,"column":0},"end":{"line":53,"column":5}},"2":{"start":{"line":14,"column":4},"end":{"line":14,"column":14}},"3":{"start":{"line":19,"column":4},"end":{"line":52,"column":9}},"4":{"start":{"line":21,"column":8},"end":{"line":21,"column":19}},"5":{"start":{"line":23,"column":8},"end":{"line":35,"column":13}},"6":{"start":{"line":24,"column":12},"end":{"line":34,"column":13}},"7":{"start":{"line":25,"column":16},"end":{"line":28,"column":30}},"8":{"start":{"line":30,"column":16},"end":{"line":33,"column":27}},"9":{"start":{"line":37,"column":8},"end":{"line":39,"column":21}},"10":{"start":{"line":41,"column":8},"end":{"line":41,"column":54}},"11":{"start":{"line":43,"column":8},"end":{"line":43,"column":52}},"12":{"start":{"line":45,"column":8},"end":{"line":51,"column":9}},"13":{"start":{"line":46,"column":12},"end":{"line":46,"column":58}},"14":{"start":{"line":48,"column":12},"end":{"line":48,"column":35}},"15":{"start":{"line":49,"column":12},"end":{"line":49,"column":49}},"16":{"start":{"line":50,"column":12},"end":{"line":50,"column":43}}},"branchMap":{"1":{"line":25,"type":"binary-expr","locations":[{"start":{"line":25,"column":23},"end":{"line":25,"column":62}},{"start":{"line":26,"column":20},"end":{"line":26,"column":70}},{"start":{"line":27,"column":20},"end":{"line":27,"column":71}},{"start":{"line":28,"column":20},"end":{"line":28,"column":29}}]},"2":{"line":30,"type":"binary-expr","locations":[{"start":{"line":30,"column":23},"end":{"line":30,"column":37}},{"start":{"line":31,"column":20},"end":{"line":31,"column":61}},{"start":{"line":32,"column":20},"end":{"line":32,"column":70}},{"start":{"line":33,"column":20},"end":{"line":33,"column":26}}]},"3":{"line":37,"type":"cond-expr","locations":[{"start":{"line":38,"column":14},"end":{"line":38,"column":20}},{"start":{"line":39,"column":14},"end":{"line":39,"column":20}}]},"4":{"line":41,"type":"binary-expr","locations":[{"start":{"line":41,"column":16},"end":{"line":41,"column":44}},{"start":{"line":41,"column":48},"end":{"line":41,"column":53}}]},"5":{"line":45,"type":"if","locations":[{"start":{"line":45,"column":8},"end":{"line":45,"column":8}},{"start":{"line":45,"column":8},"end":{"line":45,"column":8}}]}},"code":["/* istanbul instrument in package npmtest_cssnext */","/*jslint","    bitwise: true,","    browser: true,","    maxerr: 8,","    maxlen: 96,","    node: true,","    nomen: true,","    regexp: true,","    stupid: true","*/","(function () {","    'use strict';","    var local;","","","","    // run shared js-env code - pre-init","    (function () {","        // init local","        local = {};","        // init modeJs","        local.modeJs = (function () {","            try {","                return typeof navigator.userAgent === 'string' &&","                    typeof document.querySelector('body') === 'object' &&","                    typeof XMLHttpRequest.prototype.open === 'function' &&","                    'browser';","            } catch (errorCaughtBrowser) {","                return module.exports &&","                    typeof process.versions.node === 'string' &&","                    typeof require('http').createServer === 'function' &&","                    'node';","            }","        }());","        // init global","        local.global = local.modeJs === 'browser'","            ? window","            : global;","        // init utility2_rollup","        local = local.global.utility2_rollup || local;","        // init lib","        local.local = local.npmtest_cssnext = local;","        // init exports","        if (local.modeJs === 'browser') {","            local.global.utility2_npmtest_cssnext = local;","        } else {","            module.exports = local;","            module.exports.__dirname = __dirname;","            module.exports.module = module;","        }","    }());","}());",""],"l":{"12":2,"14":2,"19":2,"21":2,"23":2,"24":2,"25":2,"30":1,"37":2,"41":2,"43":2,"45":2,"46":1,"48":1,"49":1,"50":1}},"/home/travis/build/npmtest/node-npmtest-cssnext/example.js":{"path":"/home/travis/build/npmtest/node-npmtest-cssnext/example.js","s":{"1":2,"2":2,"3":2,"4":2,"5":2,"6":2,"7":2,"8":1,"9":2,"10":2,"11":2,"12":2,"13":1,"14":2,"15":2,"16":2,"17":2,"18":2,"19":0,"20":2,"21":1,"22":1,"23":1,"24":1,"25":1,"26":0,"27":0,"28":1,"29":1,"30":2,"31":0,"32":0,"33":0,"34":1,"35":2,"36":2,"37":3,"38":3,"39":3,"40":3,"41":0,"42":3,"43":3,"44":3,"45":1,"46":3,"47":1,"48":1,"49":1,"50":1,"51":1,"52":1,"53":1,"54":1,"55":1,"56":1,"57":0,"58":1,"59":6,"60":6,"61":1,"62":2,"63":0,"64":2,"65":1,"66":1,"67":0,"68":0,"69":0,"70":0,"71":0,"72":0,"73":0,"74":0,"75":0,"76":0,"77":0,"78":0,"79":0,"80":0,"81":0,"82":0,"83":0},"b":{"1":[2,1,1,1],"2":[1,1,1,1],"3":[1,1],"4":[2,2],"5":[1,1],"6":[1,1],"7":[2,0],"8":[2,1,1,1,1,1],"9":[0,2,0],"10":[1,1],"11":[2,1,1],"12":[1,0],"13":[0,2],"14":[2,0,0,0,0,0,0],"15":[0,3],"16":[3,0],"17":[1,1],"18":[0,1],"19":[1,2,0,2],"20":[1,0],"21":[1,1],"22":[0,0],"23":[0,0],"24":[0,0],"25":[0,0],"26":[0,0],"27":[0,0],"28":[0,0]},"f":{"1":2,"2":2,"3":2,"4":2,"5":2,"6":2,"7":3,"8":3,"9":3,"10":1,"11":6,"12":0},"fnMap":{"1":{"name":"(anonymous_1)","line":26,"loc":{"start":{"line":26,"column":1},"end":{"line":26,"column":13}}},"2":{"name":"(anonymous_2)","line":33,"loc":{"start":{"line":33,"column":5},"end":{"line":33,"column":17}}},"3":{"name":"(anonymous_3)","line":37,"loc":{"start":{"line":37,"column":24},"end":{"line":37,"column":36}}},"4":{"name":"(anonymous_4)","line":69,"loc":{"start":{"line":69,"column":31},"end":{"line":69,"column":48}},"skip":true},"5":{"name":"(anonymous_5)","line":78,"loc":{"start":{"line":78,"column":26},"end":{"line":78,"column":45}},"skip":true},"6":{"name":"(anonymous_6)","line":123,"loc":{"start":{"line":123,"column":33},"end":{"line":123,"column":48}},"skip":true},"7":{"name":"(anonymous_7)","line":125,"loc":{"start":{"line":125,"column":27},"end":{"line":125,"column":39}},"skip":true},"8":{"name":"(anonymous_8)","line":133,"loc":{"start":{"line":133,"column":59},"end":{"line":133,"column":74}},"skip":true},"9":{"name":"(anonymous_9)","line":143,"loc":{"start":{"line":143,"column":45},"end":{"line":143,"column":62}},"skip":true},"10":{"name":"(anonymous_10)","line":144,"loc":{"start":{"line":144,"column":73},"end":{"line":144,"column":92}},"skip":true},"11":{"name":"(anonymous_11)","line":272,"loc":{"start":{"line":272,"column":51},"end":{"line":272,"column":77}},"skip":true},"12":{"name":"(anonymous_12)","line":315,"loc":{"start":{"line":315,"column":32},"end":{"line":315,"column":61}},"skip":true}},"statementMap":{"1":{"start":{"line":26,"column":0},"end":{"line":326,"column":5}},"2":{"start":{"line":28,"column":4},"end":{"line":28,"column":14}},"3":{"start":{"line":33,"column":4},"end":{"line":60,"column":9}},"4":{"start":{"line":35,"column":8},"end":{"line":35,"column":19}},"5":{"start":{"line":37,"column":8},"end":{"line":49,"column":13}},"6":{"start":{"line":38,"column":12},"end":{"line":48,"column":13}},"7":{"start":{"line":39,"column":16},"end":{"line":42,"column":30}},"8":{"start":{"line":44,"column":16},"end":{"line":47,"column":27}},"9":{"start":{"line":51,"column":8},"end":{"line":53,"column":21}},"10":{"start":{"line":55,"column":8},"end":{"line":57,"column":45}},"11":{"start":{"line":59,"column":8},"end":{"line":59,"column":35}},"12":{"start":{"line":61,"column":4},"end":{"line":325,"column":5}},"13":{"start":{"line":69,"column":8},"end":{"line":121,"column":10},"skip":true},"14":{"start":{"line":70,"column":12},"end":{"line":88,"column":13},"skip":true},"15":{"start":{"line":76,"column":16},"end":{"line":87,"column":19},"skip":true},"16":{"start":{"line":79,"column":20},"end":{"line":86,"column":21},"skip":true},"17":{"start":{"line":82,"column":24},"end":{"line":82,"column":43},"skip":true},"18":{"start":{"line":83,"column":24},"end":{"line":83,"column":30},"skip":true},"19":{"start":{"line":85,"column":24},"end":{"line":85,"column":49},"skip":true},"20":{"start":{"line":89,"column":12},"end":{"line":107,"column":13},"skip":true},"21":{"start":{"line":92,"column":16},"end":{"line":102,"column":17},"skip":true},"22":{"start":{"line":93,"column":20},"end":{"line":93,"column":86},"skip":true},"23":{"start":{"line":94,"column":20},"end":{"line":95,"column":45},"skip":true},"24":{"start":{"line":96,"column":20},"end":{"line":96,"column":42},"skip":true},"25":{"start":{"line":97,"column":20},"end":{"line":97,"column":48},"skip":true},"26":{"start":{"line":100,"column":20},"end":{"line":100,"column":85},"skip":true},"27":{"start":{"line":101,"column":20},"end":{"line":101,"column":96},"skip":true},"28":{"start":{"line":103,"column":16},"end":{"line":103,"column":22},"skip":true},"29":{"start":{"line":106,"column":16},"end":{"line":106,"column":22},"skip":true},"30":{"start":{"line":108,"column":12},"end":{"line":120,"column":13},"skip":true},"31":{"start":{"line":114,"column":16},"end":{"line":119,"column":17},"skip":true},"32":{"start":{"line":116,"column":20},"end":{"line":116,"column":78},"skip":true},"33":{"start":{"line":118,"column":20},"end":{"line":118,"column":47},"skip":true},"34":{"start":{"line":123,"column":8},"end":{"line":141,"column":11},"skip":true},"35":{"start":{"line":124,"column":12},"end":{"line":124,"column":54},"skip":true},"36":{"start":{"line":125,"column":12},"end":{"line":140,"column":14},"skip":true},"37":{"start":{"line":126,"column":16},"end":{"line":126,"column":28},"skip":true},"38":{"start":{"line":127,"column":16},"end":{"line":127,"column":69},"skip":true},"39":{"start":{"line":128,"column":16},"end":{"line":128,"column":75},"skip":true},"40":{"start":{"line":129,"column":16},"end":{"line":131,"column":17},"skip":true},"41":{"start":{"line":130,"column":20},"end":{"line":130,"column":27},"skip":true},"42":{"start":{"line":133,"column":16},"end":{"line":137,"column":36},"skip":true},"43":{"start":{"line":134,"column":20},"end":{"line":136,"column":55},"skip":true},"44":{"start":{"line":139,"column":16},"end":{"line":139,"column":57},"skip":true},"45":{"start":{"line":143,"column":8},"end":{"line":147,"column":11},"skip":true},"46":{"start":{"line":144,"column":12},"end":{"line":146,"column":15},"skip":true},"47":{"start":{"line":145,"column":16},"end":{"line":145,"column":70},"skip":true},"48":{"start":{"line":149,"column":8},"end":{"line":149,"column":31},"skip":true},"49":{"start":{"line":150,"column":8},"end":{"line":150,"column":14},"skip":true},"50":{"start":{"line":158,"column":8},"end":{"line":158,"column":31},"skip":true},"51":{"start":{"line":160,"column":8},"end":{"line":160,"column":33},"skip":true},"52":{"start":{"line":161,"column":8},"end":{"line":161,"column":37},"skip":true},"53":{"start":{"line":162,"column":8},"end":{"line":162,"column":35},"skip":true},"54":{"start":{"line":164,"column":8},"end":{"line":164,"column":50},"skip":true},"55":{"start":{"line":166,"column":8},"end":{"line":256,"column":2},"skip":true},"56":{"start":{"line":258,"column":8},"end":{"line":286,"column":9},"skip":true},"57":{"start":{"line":259,"column":12},"end":{"line":269,"column":14},"skip":true},"58":{"start":{"line":271,"column":12},"end":{"line":285,"column":19},"skip":true},"59":{"start":{"line":274,"column":20},"end":{"line":274,"column":35},"skip":true},"60":{"start":{"line":275,"column":20},"end":{"line":284,"column":21},"skip":true},"61":{"start":{"line":277,"column":24},"end":{"line":277,"column":64},"skip":true},"62":{"start":{"line":279,"column":24},"end":{"line":279,"column":40},"skip":true},"63":{"start":{"line":281,"column":24},"end":{"line":281,"column":40},"skip":true},"64":{"start":{"line":283,"column":24},"end":{"line":283,"column":39},"skip":true},"65":{"start":{"line":288,"column":8},"end":{"line":290,"column":9},"skip":true},"66":{"start":{"line":289,"column":12},"end":{"line":289,"column":18},"skip":true},"67":{"start":{"line":291,"column":8},"end":{"line":293,"column":54},"skip":true},"68":{"start":{"line":296,"column":8},"end":{"line":301,"column":37},"skip":true},"69":{"start":{"line":303,"column":8},"end":{"line":303,"column":82},"skip":true},"70":{"start":{"line":306,"column":8},"end":{"line":308,"column":9},"skip":true},"71":{"start":{"line":307,"column":12},"end":{"line":307,"column":82},"skip":true},"72":{"start":{"line":310,"column":8},"end":{"line":312,"column":9},"skip":true},"73":{"start":{"line":311,"column":12},"end":{"line":311,"column":18},"skip":true},"74":{"start":{"line":313,"column":8},"end":{"line":313,"column":54},"skip":true},"75":{"start":{"line":314,"column":8},"end":{"line":314,"column":69},"skip":true},"76":{"start":{"line":315,"column":8},"end":{"line":323,"column":36},"skip":true},"77":{"start":{"line":316,"column":12},"end":{"line":316,"column":61},"skip":true},"78":{"start":{"line":317,"column":12},"end":{"line":320,"column":13},"skip":true},"79":{"start":{"line":318,"column":16},"end":{"line":318,"column":75},"skip":true},"80":{"start":{"line":319,"column":16},"end":{"line":319,"column":23},"skip":true},"81":{"start":{"line":321,"column":12},"end":{"line":321,"column":38},"skip":true},"82":{"start":{"line":322,"column":12},"end":{"line":322,"column":27},"skip":true},"83":{"start":{"line":324,"column":8},"end":{"line":324,"column":14},"skip":true}},"branchMap":{"1":{"line":39,"type":"binary-expr","locations":[{"start":{"line":39,"column":23},"end":{"line":39,"column":62}},{"start":{"line":40,"column":20},"end":{"line":40,"column":70}},{"start":{"line":41,"column":20},"end":{"line":41,"column":71}},{"start":{"line":42,"column":20},"end":{"line":42,"column":29}}]},"2":{"line":44,"type":"binary-expr","locations":[{"start":{"line":44,"column":23},"end":{"line":44,"column":37}},{"start":{"line":45,"column":20},"end":{"line":45,"column":61}},{"start":{"line":46,"column":20},"end":{"line":46,"column":70}},{"start":{"line":47,"column":20},"end":{"line":47,"column":26}}]},"3":{"line":51,"type":"cond-expr","locations":[{"start":{"line":52,"column":14},"end":{"line":52,"column":20}},{"start":{"line":53,"column":14},"end":{"line":53,"column":20}}]},"4":{"line":55,"type":"binary-expr","locations":[{"start":{"line":55,"column":16},"end":{"line":55,"column":44}},{"start":{"line":55,"column":49},"end":{"line":57,"column":43}}]},"5":{"line":55,"type":"cond-expr","locations":[{"start":{"line":56,"column":14},"end":{"line":56,"column":51}},{"start":{"line":57,"column":14},"end":{"line":57,"column":43}}]},"6":{"line":61,"type":"switch","locations":[{"start":{"line":68,"column":4},"end":{"line":150,"column":14},"skip":true},{"start":{"line":156,"column":4},"end":{"line":324,"column":14},"skip":true}]},"7":{"line":70,"type":"if","locations":[{"start":{"line":70,"column":12},"end":{"line":70,"column":12},"skip":true},{"start":{"line":70,"column":12},"end":{"line":70,"column":12},"skip":true}]},"8":{"line":70,"type":"binary-expr","locations":[{"start":{"line":70,"column":16},"end":{"line":70,"column":22},"skip":true},{"start":{"line":70,"column":27},"end":{"line":70,"column":32},"skip":true},{"start":{"line":71,"column":20},"end":{"line":71,"column":39},"skip":true},{"start":{"line":72,"column":20},"end":{"line":72,"column":49},"skip":true},{"start":{"line":73,"column":20},"end":{"line":73,"column":58},"skip":true},{"start":{"line":74,"column":20},"end":{"line":74,"column":69},"skip":true}]},"9":{"line":79,"type":"switch","locations":[{"start":{"line":80,"column":20},"end":{"line":80,"column":33},"skip":true},{"start":{"line":81,"column":20},"end":{"line":83,"column":30},"skip":true},{"start":{"line":84,"column":20},"end":{"line":85,"column":49},"skip":true}]},"10":{"line":89,"type":"switch","locations":[{"start":{"line":90,"column":12},"end":{"line":103,"column":22},"skip":true},{"start":{"line":105,"column":12},"end":{"line":106,"column":22},"skip":true}]},"11":{"line":89,"type":"binary-expr","locations":[{"start":{"line":89,"column":20},"end":{"line":89,"column":25},"skip":true},{"start":{"line":89,"column":29},"end":{"line":89,"column":48},"skip":true},{"start":{"line":89,"column":52},"end":{"line":89,"column":74},"skip":true}]},"12":{"line":92,"type":"if","locations":[{"start":{"line":92,"column":16},"end":{"line":92,"column":16},"skip":true},{"start":{"line":92,"column":16},"end":{"line":92,"column":16},"skip":true}]},"13":{"line":108,"type":"if","locations":[{"start":{"line":108,"column":12},"end":{"line":108,"column":12},"skip":true},{"start":{"line":108,"column":12},"end":{"line":108,"column":12},"skip":true}]},"14":{"line":108,"type":"binary-expr","locations":[{"start":{"line":108,"column":16},"end":{"line":108,"column":61},"skip":true},{"start":{"line":108,"column":66},"end":{"line":108,"column":72},"skip":true},{"start":{"line":108,"column":77},"end":{"line":108,"column":82},"skip":true},{"start":{"line":109,"column":20},"end":{"line":109,"column":39},"skip":true},{"start":{"line":110,"column":20},"end":{"line":110,"column":49},"skip":true},{"start":{"line":111,"column":20},"end":{"line":111,"column":58},"skip":true},{"start":{"line":112,"column":20},"end":{"line":112,"column":68},"skip":true}]},"15":{"line":129,"type":"if","locations":[{"start":{"line":129,"column":16},"end":{"line":129,"column":16},"skip":true},{"start":{"line":129,"column":16},"end":{"line":129,"column":16},"skip":true}]},"16":{"line":134,"type":"cond-expr","locations":[{"start":{"line":135,"column":26},"end":{"line":135,"column":29},"skip":true},{"start":{"line":136,"column":26},"end":{"line":136,"column":54},"skip":true}]},"17":{"line":164,"type":"binary-expr","locations":[{"start":{"line":164,"column":27},"end":{"line":164,"column":43},"skip":true},{"start":{"line":164,"column":47},"end":{"line":164,"column":49},"skip":true}]},"18":{"line":258,"type":"if","locations":[{"start":{"line":258,"column":8},"end":{"line":258,"column":8},"skip":true},{"start":{"line":258,"column":8},"end":{"line":258,"column":8},"skip":true}]},"19":{"line":275,"type":"switch","locations":[{"start":{"line":276,"column":20},"end":{"line":277,"column":64},"skip":true},{"start":{"line":278,"column":20},"end":{"line":279,"column":40},"skip":true},{"start":{"line":280,"column":20},"end":{"line":281,"column":40},"skip":true},{"start":{"line":282,"column":20},"end":{"line":283,"column":39},"skip":true}]},"20":{"line":288,"type":"if","locations":[{"start":{"line":288,"column":8},"end":{"line":288,"column":8},"skip":true},{"start":{"line":288,"column":8},"end":{"line":288,"column":8},"skip":true}]},"21":{"line":288,"type":"binary-expr","locations":[{"start":{"line":288,"column":12},"end":{"line":288,"column":40},"skip":true},{"start":{"line":288,"column":44},"end":{"line":288,"column":67},"skip":true}]},"22":{"line":292,"type":"binary-expr","locations":[{"start":{"line":292,"column":12},"end":{"line":292,"column":50},"skip":true},{"start":{"line":293,"column":12},"end":{"line":293,"column":53},"skip":true}]},"23":{"line":297,"type":"binary-expr","locations":[{"start":{"line":297,"column":12},"end":{"line":297,"column":65},"skip":true},{"start":{"line":298,"column":12},"end":{"line":301,"column":36},"skip":true}]},"24":{"line":303,"type":"binary-expr","locations":[{"start":{"line":303,"column":43},"end":{"line":303,"column":75},"skip":true},{"start":{"line":303,"column":79},"end":{"line":303,"column":81},"skip":true}]},"25":{"line":306,"type":"if","locations":[{"start":{"line":306,"column":8},"end":{"line":306,"column":8},"skip":true},{"start":{"line":306,"column":8},"end":{"line":306,"column":8},"skip":true}]},"26":{"line":310,"type":"if","locations":[{"start":{"line":310,"column":8},"end":{"line":310,"column":8},"skip":true},{"start":{"line":310,"column":8},"end":{"line":310,"column":8},"skip":true}]},"27":{"line":313,"type":"binary-expr","locations":[{"start":{"line":313,"column":27},"end":{"line":313,"column":43},"skip":true},{"start":{"line":313,"column":47},"end":{"line":313,"column":53},"skip":true}]},"28":{"line":317,"type":"if","locations":[{"start":{"line":317,"column":12},"end":{"line":317,"column":12},"skip":true},{"start":{"line":317,"column":12},"end":{"line":317,"column":12},"skip":true}]}},"code":["/*","example.js","","quickstart example","","instruction","    1. save this script as example.js","    2. run the shell command:","        $ npm install npmtest-cssnext && PORT=8081 node example.js","    3. play with the browser-demo on http://127.0.0.1:8081","*/","","","","/* istanbul instrument in package npmtest_cssnext */","/*jslint","    bitwise: true,","    browser: true,","    maxerr: 8,","    maxlen: 96,","    node: true,","    nomen: true,","    regexp: true,","    stupid: true","*/","(function () {","    'use strict';","    var local;","","","","    // run shared js-env code - pre-init","    (function () {","        // init local","        local = {};","        // init modeJs","        local.modeJs = (function () {","            try {","                return typeof navigator.userAgent === 'string' &&","                    typeof document.querySelector('body') === 'object' &&","                    typeof XMLHttpRequest.prototype.open === 'function' &&","                    'browser';","            } catch (errorCaughtBrowser) {","                return module.exports &&","                    typeof process.versions.node === 'string' &&","                    typeof require('http').createServer === 'function' &&","                    'node';","            }","        }());","        // init global","        local.global = local.modeJs === 'browser'","            ? window","            : global;","        // init utility2_rollup","        local = local.global.utility2_rollup || (local.modeJs === 'browser'","            ? local.global.utility2_npmtest_cssnext","            : global.utility2_moduleExports);","        // export local","        local.global.local = local;","    }());","    switch (local.modeJs) {","","","","    // post-init","    // run browser js-env code - post-init","    /* istanbul ignore next */","    case 'browser':","        local.testRunBrowser = function (event) {","            if (!event || (event &&","                    event.currentTarget &&","                    event.currentTarget.className &&","                    event.currentTarget.className.includes &&","                    event.currentTarget.className.includes('onreset'))) {","                // reset output","                Array.from(","                    document.querySelectorAll('body > .resettable')","                ).forEach(function (element) {","                    switch (element.tagName) {","                    case 'INPUT':","                    case 'TEXTAREA':","                        element.value = '';","                        break;","                    default:","                        element.textContent = '';","                    }","                });","            }","            switch (event && event.currentTarget && event.currentTarget.id) {","            case 'testRunButton1':","                // show tests","                if (document.querySelector('#testReportDiv1').style.display === 'none') {","                    document.querySelector('#testReportDiv1').style.display = 'block';","                    document.querySelector('#testRunButton1').textContent =","                        'hide internal test';","                    local.modeTest = true;","                    local.testRunDefault(local);","                // hide tests","                } else {","                    document.querySelector('#testReportDiv1').style.display = 'none';","                    document.querySelector('#testRunButton1').textContent = 'run internal test';","                }","                break;","            // custom-case","            default:","                break;","            }","            if (document.querySelector('#inputTextareaEval1') && (!event || (event &&","                    event.currentTarget &&","                    event.currentTarget.className &&","                    event.currentTarget.className.includes &&","                    event.currentTarget.className.includes('oneval')))) {","                // try to eval input-code","                try {","                    /*jslint evil: true*/","                    eval(document.querySelector('#inputTextareaEval1').value);","                } catch (errorCaught) {","                    console.error(errorCaught);","                }","            }","        };","        // log stderr and stdout to #outputTextareaStdout1","        ['error', 'log'].forEach(function (key) {","            console[key + '_original'] = console[key];","            console[key] = function () {","                var element;","                console[key + '_original'].apply(console, arguments);","                element = document.querySelector('#outputTextareaStdout1');","                if (!element) {","                    return;","                }","                // append text to #outputTextareaStdout1","                element.value += Array.from(arguments).map(function (arg) {","                    return typeof arg === 'string'","                        ? arg","                        : JSON.stringify(arg, null, 4);","                }).join(' ') + '\\n';","                // scroll textarea to bottom","                element.scrollTop = element.scrollHeight;","            };","        });","        // init event-handling","        ['change', 'click', 'keyup'].forEach(function (event) {","            Array.from(document.querySelectorAll('.on' + event)).forEach(function (element) {","                element.addEventListener(event, local.testRunBrowser);","            });","        });","        // run tests","        local.testRunBrowser();","        break;","","","","    // run node js-env code - post-init","    /* istanbul ignore next */","    case 'node':","        // export local","        module.exports = local;","        // require modules","        local.fs = require('fs');","        local.http = require('http');","        local.url = require('url');","        // init assets","        local.assetsDict = local.assetsDict || {};","        /* jslint-ignore-begin */","        local.assetsDict['/assets.index.template.html'] = '\\","<!doctype html>\\n\\","<html lang=\"en\">\\n\\","<head>\\n\\","<meta charset=\"UTF-8\">\\n\\","<meta name=\"viewport\" content=\"width=device-width, initial-scale=1\">\\n\\","<title>{{env.npm_package_name}} (v{{env.npm_package_version}})</title>\\n\\","<style>\\n\\","/*csslint\\n\\","    box-sizing: false,\\n\\","    universal-selector: false\\n\\","*/\\n\\","* {\\n\\","    box-sizing: border-box;\\n\\","}\\n\\","body {\\n\\","    background: #dde;\\n\\","    font-family: Arial, Helvetica, sans-serif;\\n\\","    margin: 2rem;\\n\\","}\\n\\","body > * {\\n\\","    margin-bottom: 1rem;\\n\\","}\\n\\",".utility2FooterDiv {\\n\\","    margin-top: 20px;\\n\\","    text-align: center;\\n\\","}\\n\\","</style>\\n\\","<style>\\n\\","/*csslint\\n\\","*/\\n\\","textarea {\\n\\","    font-family: monospace;\\n\\","    height: 10rem;\\n\\","    width: 100%;\\n\\","}\\n\\","textarea[readonly] {\\n\\","    background: #ddd;\\n\\","}\\n\\","</style>\\n\\","</head>\\n\\","<body>\\n\\","<!-- utility2-comment\\n\\","<div id=\"ajaxProgressDiv1\" style=\"background: #d00; height: 2px; left: 0; margin: 0; padding: 0; position: fixed; top: 0; transition: background 0.5s, width 1.5s; width: 25%;\"></div>\\n\\","utility2-comment -->\\n\\","<h1>\\n\\","<!-- utility2-comment\\n\\","    <a\\n\\","        {{#if env.npm_package_homepage}}\\n\\","        href=\"{{env.npm_package_homepage}}\"\\n\\","        {{/if env.npm_package_homepage}}\\n\\","        target=\"_blank\"\\n\\","    >\\n\\","utility2-comment -->\\n\\","        {{env.npm_package_name}} (v{{env.npm_package_version}})\\n\\","<!-- utility2-comment\\n\\","    </a>\\n\\","utility2-comment -->\\n\\","</h1>\\n\\","<h3>{{env.npm_package_description}}</h3>\\n\\","<!-- utility2-comment\\n\\","<h4><a download href=\"assets.app.js\">download standalone app</a></h4>\\n\\","<button class=\"onclick onreset\" id=\"testRunButton1\">run internal test</button><br>\\n\\","<div id=\"testReportDiv1\" style=\"display: none;\"></div>\\n\\","utility2-comment -->\\n\\","\\n\\","\\n\\","\\n\\","<label>stderr and stdout</label>\\n\\","<textarea class=\"resettable\" id=\"outputTextareaStdout1\" readonly></textarea>\\n\\","<!-- utility2-comment\\n\\","{{#if isRollup}}\\n\\","<script src=\"assets.app.js\"></script>\\n\\","{{#unless isRollup}}\\n\\","utility2-comment -->\\n\\","<script src=\"assets.utility2.rollup.js\"></script>\\n\\","<script src=\"jsonp.utility2._stateInit?callback=window.utility2._stateInit\"></script>\\n\\","<script src=\"assets.npmtest_cssnext.rollup.js\"></script>\\n\\","<script src=\"assets.example.js\"></script>\\n\\","<script src=\"assets.test.js\"></script>\\n\\","<!-- utility2-comment\\n\\","{{/if isRollup}}\\n\\","utility2-comment -->\\n\\","<div class=\"utility2FooterDiv\">\\n\\","    [ this app was created with\\n\\","    <a href=\"https://github.com/kaizhu256/node-utility2\" target=\"_blank\">utility2</a>\\n\\","    ]\\n\\","</div>\\n\\","</body>\\n\\","</html>\\n\\","';","        /* jslint-ignore-end */","        if (local.templateRender) {","            local.assetsDict['/'] = local.templateRender(","                local.assetsDict['/assets.index.template.html'],","                {","                    env: local.objectSetDefault(local.env, {","                        npm_package_description: 'the greatest app in the world!',","                        npm_package_name: 'my-app',","                        npm_package_nameAlias: 'my_app',","                        npm_package_version: '0.0.1'","                    })","                }","            );","        } else {","            local.assetsDict['/'] = local.assetsDict['/assets.index.template.html']","                .replace((/\\{\\{env\\.(\\w+?)\\}\\}/g), function (match0, match1) {","                    // jslint-hack","                    String(match0);","                    switch (match1) {","                    case 'npm_package_description':","                        return 'the greatest app in the world!';","                    case 'npm_package_name':","                        return 'my-app';","                    case 'npm_package_nameAlias':","                        return 'my_app';","                    case 'npm_package_version':","                        return '0.0.1';","                    }","                });","        }","        // run the cli","        if (local.global.utility2_rollup || module !== require.main) {","            break;","        }","        local.assetsDict['/assets.example.js'] =","            local.assetsDict['/assets.example.js'] ||","            local.fs.readFileSync(__filename, 'utf8');","        // bug-workaround - long $npm_package_buildCustomOrg","        /* jslint-ignore-begin */","        local.assetsDict['/assets.npmtest_cssnext.rollup.js'] =","            local.assetsDict['/assets.npmtest_cssnext.rollup.js'] ||","            local.fs.readFileSync(","                local.npmtest_cssnext.__dirname + '/lib.npmtest_cssnext.js',","                'utf8'","            ).replace((/^#!/), '//');","        /* jslint-ignore-end */","        local.assetsDict['/favicon.ico'] = local.assetsDict['/favicon.ico'] || '';","        // if $npm_config_timeout_exit exists,","        // then exit this process after $npm_config_timeout_exit ms","        if (Number(process.env.npm_config_timeout_exit)) {","            setTimeout(process.exit, Number(process.env.npm_config_timeout_exit));","        }","        // start server","        if (local.global.utility2_serverHttp1) {","            break;","        }","        process.env.PORT = process.env.PORT || '8081';","        console.error('server starting on port ' + process.env.PORT);","        local.http.createServer(function (request, response) {","            request.urlParsed = local.url.parse(request.url);","            if (local.assetsDict[request.urlParsed.pathname] !== undefined) {","                response.end(local.assetsDict[request.urlParsed.pathname]);","                return;","            }","            response.statusCode = 404;","            response.end();","        }).listen(process.env.PORT);","        break;","    }","}());",""],"l":{"26":2,"28":2,"33":2,"35":2,"37":2,"38":2,"39":2,"44":1,"51":2,"55":2,"59":2,"61":2,"69":1,"70":2,"76":2,"79":2,"82":2,"83":2,"85":1,"89":2,"92":1,"93":1,"94":1,"96":1,"97":1,"100":1,"101":1,"103":1,"106":1,"108":2,"114":1,"116":1,"118":1,"123":1,"124":2,"125":2,"126":3,"127":3,"128":3,"129":3,"130":1,"133":3,"134":3,"139":3,"143":1,"144":3,"145":1,"149":1,"150":1,"158":1,"160":1,"161":1,"162":1,"164":1,"166":1,"258":1,"259":1,"271":1,"274":6,"275":6,"277":1,"279":2,"281":1,"283":2,"288":1,"289":1,"291":1,"296":1,"303":1,"306":1,"307":1,"310":1,"311":1,"313":1,"314":1,"315":1,"316":1,"317":1,"318":1,"319":1,"321":1,"322":1,"324":1}},"/home/travis/build/npmtest/node-npmtest-cssnext/node_modules/cssnext/dist/index.js":{"path":"/home/travis/build/npmtest/node-npmtest-cssnext/node_modules/cssnext/dist/index.js","s":{"1":1,"2":0,"3":0,"4":0,"5":0,"6":0,"7":0,"8":1,"9":6,"10":1,"11":1,"12":1,"13":1,"14":1,"15":1,"16":1,"17":1,"18":1,"19":1,"20":1,"21":1,"22":1,"23":1,"24":0,"25":0,"26":0,"27":0,"28":0,"29":0,"30":0,"31":0,"32":0,"33":0,"34":0,"35":0,"36":0,"37":0,"38":0,"39":0,"40":0,"41":0,"42":0,"43":0,"44":0,"45":0,"46":0,"47":0,"48":0,"49":0,"50":0,"51":0,"52":0,"53":0,"54":0,"55":0,"56":0,"57":0,"58":0,"59":0,"60":0,"61":0,"62":0,"63":0,"64":0,"65":0,"66":0,"67":0,"68":1,"69":1},"b":{"1":[1,0],"2":[0,0],"3":[0,6],"4":[6,6],"5":[0,0],"6":[0,0],"7":[0,0],"8":[0,0],"9":[0,0],"10":[0,0],"11":[0,0],"12":[0,0],"13":[0,0],"14":[0,0],"15":[0,0],"16":[0,0],"17":[0,0],"18":[0,0],"19":[0,0],"20":[0,0],"21":[0,0],"22":[0,0],"23":[0,0],"24":[0,0,0,0,0,0],"25":[0,0],"26":[0,0],"27":[0,0],"28":[0,0],"29":[0,0],"30":[0,0],"31":[0,0],"32":[0,0],"33":[0,0,0]},"f":{"1":0,"2":6,"3":0,"4":0,"5":0,"6":0,"7":0},"fnMap":{"1":{"name":"(anonymous_1)","line":3,"loc":{"start":{"line":3,"column":32},"end":{"line":3,"column":50}}},"2":{"name":"_interopRequireDefault","line":5,"loc":{"start":{"line":5,"column":0},"end":{"line":5,"column":37}}},"3":{"name":"cssnext","line":40,"loc":{"start":{"line":40,"column":0},"end":{"line":40,"column":34}}},"4":{"name":"(anonymous_4)","line":102,"loc":{"start":{"line":102,"column":42},"end":{"line":102,"column":57}}},"5":{"name":"(anonymous_5)","line":107,"loc":{"start":{"line":107,"column":40},"end":{"line":107,"column":55}}},"6":{"name":"(anonymous_6)","line":131,"loc":{"start":{"line":131,"column":28},"end":{"line":131,"column":46}}},"7":{"name":"(anonymous_7)","line":145,"loc":{"start":{"line":145,"column":54},"end":{"line":145,"column":72}}}},"statementMap":{"1":{"start":{"line":3,"column":0},"end":{"line":3,"column":257}},"2":{"start":{"line":3,"column":52},"end":{"line":3,"column":239}},"3":{"start":{"line":3,"column":97},"end":{"line":3,"column":123}},"4":{"start":{"line":3,"column":124},"end":{"line":3,"column":237}},"5":{"start":{"line":3,"column":150},"end":{"line":3,"column":235}},"6":{"start":{"line":3,"column":207},"end":{"line":3,"column":233}},"7":{"start":{"line":3,"column":240},"end":{"line":3,"column":254}},"8":{"start":{"line":5,"column":0},"end":{"line":5,"column":97}},"9":{"start":{"line":5,"column":39},"end":{"line":5,"column":95}},"10":{"start":{"line":7,"column":0},"end":{"line":7,"column":24}},"11":{"start":{"line":9,"column":0},"end":{"line":9,"column":39}},"12":{"start":{"line":11,"column":0},"end":{"line":11,"column":34}},"13":{"start":{"line":13,"column":0},"end":{"line":13,"column":49}},"14":{"start":{"line":15,"column":0},"end":{"line":15,"column":41}},"15":{"start":{"line":17,"column":0},"end":{"line":17,"column":32}},"16":{"start":{"line":19,"column":0},"end":{"line":19,"column":45}},"17":{"start":{"line":21,"column":0},"end":{"line":21,"column":38}},"18":{"start":{"line":23,"column":0},"end":{"line":23,"column":51}},"19":{"start":{"line":25,"column":0},"end":{"line":25,"column":66}},"20":{"start":{"line":27,"column":0},"end":{"line":27,"column":77}},"21":{"start":{"line":29,"column":0},"end":{"line":29,"column":51}},"22":{"start":{"line":31,"column":0},"end":{"line":31,"column":63}},"23":{"start":{"line":40,"column":0},"end":{"line":166,"column":1}},"24":{"start":{"line":45,"column":2},"end":{"line":47,"column":3}},"25":{"start":{"line":46,"column":4},"end":{"line":46,"column":163}},"26":{"start":{"line":49,"column":2},"end":{"line":51,"column":3}},"27":{"start":{"line":50,"column":4},"end":{"line":50,"column":17}},"28":{"start":{"line":52,"column":2},"end":{"line":57,"column":3}},"29":{"start":{"line":53,"column":4},"end":{"line":53,"column":21}},"30":{"start":{"line":54,"column":4},"end":{"line":54,"column":23}},"31":{"start":{"line":56,"column":4},"end":{"line":56,"column":28}},"32":{"start":{"line":59,"column":2},"end":{"line":68,"column":14}},"33":{"start":{"line":70,"column":2},"end":{"line":70,"column":34}},"34":{"start":{"line":73,"column":2},"end":{"line":82,"column":3}},"35":{"start":{"line":74,"column":4},"end":{"line":76,"column":36}},"36":{"start":{"line":79,"column":4},"end":{"line":81,"column":5}},"37":{"start":{"line":80,"column":6},"end":{"line":80,"column":44}},"38":{"start":{"line":84,"column":2},"end":{"line":84,"column":44}},"39":{"start":{"line":87,"column":2},"end":{"line":99,"column":3}},"40":{"start":{"line":89,"column":4},"end":{"line":92,"column":5}},"41":{"start":{"line":90,"column":6},"end":{"line":90,"column":130}},"42":{"start":{"line":91,"column":6},"end":{"line":91,"column":26}},"43":{"start":{"line":95,"column":4},"end":{"line":98,"column":5}},"44":{"start":{"line":96,"column":6},"end":{"line":96,"column":115}},"45":{"start":{"line":97,"column":6},"end":{"line":97,"column":26}},"46":{"start":{"line":102,"column":2},"end":{"line":104,"column":5}},"47":{"start":{"line":103,"column":4},"end":{"line":103,"column":48}},"48":{"start":{"line":107,"column":2},"end":{"line":124,"column":5}},"49":{"start":{"line":110,"column":4},"end":{"line":123,"column":5}},"50":{"start":{"line":121,"column":6},"end":{"line":121,"column":118}},"51":{"start":{"line":122,"column":6},"end":{"line":122,"column":26}},"52":{"start":{"line":126,"column":2},"end":{"line":134,"column":3}},"53":{"start":{"line":127,"column":4},"end":{"line":129,"column":5}},"54":{"start":{"line":128,"column":6},"end":{"line":128,"column":130}},"55":{"start":{"line":131,"column":4},"end":{"line":133,"column":7}},"56":{"start":{"line":132,"column":6},"end":{"line":132,"column":33}},"57":{"start":{"line":137,"column":2},"end":{"line":139,"column":3}},"58":{"start":{"line":138,"column":4},"end":{"line":138,"column":98}},"59":{"start":{"line":144,"column":2},"end":{"line":148,"column":3}},"60":{"start":{"line":145,"column":4},"end":{"line":147,"column":7}},"61":{"start":{"line":146,"column":6},"end":{"line":146,"column":26}},"62":{"start":{"line":151,"column":2},"end":{"line":165,"column":5}},"63":{"start":{"line":152,"column":4},"end":{"line":152,"column":50}},"64":{"start":{"line":155,"column":4},"end":{"line":157,"column":5}},"65":{"start":{"line":156,"column":6},"end":{"line":156,"column":24}},"66":{"start":{"line":160,"column":4},"end":{"line":160,"column":18}},"67":{"start":{"line":164,"column":6},"end":{"line":164,"column":21}},"68":{"start":{"line":173,"column":0},"end":{"line":173,"column":41}},"69":{"start":{"line":180,"column":0},"end":{"line":180,"column":25}}},"branchMap":{"1":{"line":3,"type":"binary-expr","locations":[{"start":{"line":3,"column":15},"end":{"line":3,"column":28}},{"start":{"line":3,"column":32},"end":{"line":3,"column":256}}]},"2":{"line":3,"type":"if","locations":[{"start":{"line":3,"column":150},"end":{"line":3,"column":150}},{"start":{"line":3,"column":150},"end":{"line":3,"column":150}}]},"3":{"line":5,"type":"cond-expr","locations":[{"start":{"line":5,"column":70},"end":{"line":5,"column":73}},{"start":{"line":5,"column":76},"end":{"line":5,"column":94}}]},"4":{"line":5,"type":"binary-expr","locations":[{"start":{"line":5,"column":46},"end":{"line":5,"column":49}},{"start":{"line":5,"column":53},"end":{"line":5,"column":67}}]},"5":{"line":45,"type":"if","locations":[{"start":{"line":45,"column":2},"end":{"line":45,"column":2}},{"start":{"line":45,"column":2},"end":{"line":45,"column":2}}]},"6":{"line":45,"type":"binary-expr","locations":[{"start":{"line":45,"column":6},"end":{"line":45,"column":30}},{"start":{"line":45,"column":34},"end":{"line":45,"column":55}}]},"7":{"line":49,"type":"if","locations":[{"start":{"line":49,"column":2},"end":{"line":49,"column":2}},{"start":{"line":49,"column":2},"end":{"line":49,"column":2}}]},"8":{"line":52,"type":"if","locations":[{"start":{"line":52,"column":2},"end":{"line":52,"column":2}},{"start":{"line":52,"column":2},"end":{"line":52,"column":2}}]},"9":{"line":52,"type":"binary-expr","locations":[{"start":{"line":52,"column":6},"end":{"line":52,"column":28}},{"start":{"line":52,"column":32},"end":{"line":52,"column":58}}]},"10":{"line":56,"type":"binary-expr","locations":[{"start":{"line":56,"column":14},"end":{"line":56,"column":21}},{"start":{"line":56,"column":25},"end":{"line":56,"column":27}}]},"11":{"line":66,"type":"cond-expr","locations":[{"start":{"line":66,"column":29},"end":{"line":66,"column":33}},{"start":{"line":66,"column":36},"end":{"line":66,"column":40}}]},"12":{"line":73,"type":"if","locations":[{"start":{"line":73,"column":2},"end":{"line":73,"column":2}},{"start":{"line":73,"column":2},"end":{"line":73,"column":2}}]},"13":{"line":75,"type":"cond-expr","locations":[{"start":{"line":75,"column":74},"end":{"line":75,"column":104}},{"start":{"line":75,"column":107},"end":{"line":75,"column":123}}]},"14":{"line":75,"type":"binary-expr","locations":[{"start":{"line":75,"column":16},"end":{"line":75,"column":37}},{"start":{"line":75,"column":41},"end":{"line":75,"column":71}}]},"15":{"line":76,"type":"binary-expr","locations":[{"start":{"line":76,"column":7},"end":{"line":76,"column":28}},{"start":{"line":76,"column":32},"end":{"line":76,"column":34}}]},"16":{"line":79,"type":"if","locations":[{"start":{"line":79,"column":4},"end":{"line":79,"column":4}},{"start":{"line":79,"column":4},"end":{"line":79,"column":4}}]},"17":{"line":87,"type":"if","locations":[{"start":{"line":87,"column":2},"end":{"line":87,"column":2}},{"start":{"line":87,"column":2},"end":{"line":87,"column":2}}]},"18":{"line":87,"type":"binary-expr","locations":[{"start":{"line":87,"column":6},"end":{"line":87,"column":21}},{"start":{"line":87,"column":25},"end":{"line":87,"column":49}}]},"19":{"line":89,"type":"if","locations":[{"start":{"line":89,"column":4},"end":{"line":89,"column":4}},{"start":{"line":89,"column":4},"end":{"line":89,"column":4}}]},"20":{"line":90,"type":"cond-expr","locations":[{"start":{"line":90,"column":85},"end":{"line":90,"column":116}},{"start":{"line":90,"column":119},"end":{"line":90,"column":128}}]},"21":{"line":95,"type":"if","locations":[{"start":{"line":95,"column":4},"end":{"line":95,"column":4}},{"start":{"line":95,"column":4},"end":{"line":95,"column":4}}]},"22":{"line":96,"type":"cond-expr","locations":[{"start":{"line":96,"column":76},"end":{"line":96,"column":101}},{"start":{"line":96,"column":104},"end":{"line":96,"column":113}}]},"23":{"line":110,"type":"if","locations":[{"start":{"line":110,"column":4},"end":{"line":110,"column":4}},{"start":{"line":110,"column":4},"end":{"line":110,"column":4}}]},"24":{"line":112,"type":"binary-expr","locations":[{"start":{"line":112,"column":4},"end":{"line":112,"column":27}},{"start":{"line":114,"column":4},"end":{"line":114,"column":26}},{"start":{"line":117,"column":4},"end":{"line":117,"column":57}},{"start":{"line":120,"column":4},"end":{"line":120,"column":43}},{"start":{"line":120,"column":47},"end":{"line":120,"column":89}},{"start":{"line":120,"column":93},"end":{"line":120,"column":184}}]},"25":{"line":121,"type":"cond-expr","locations":[{"start":{"line":121,"column":77},"end":{"line":121,"column":104}},{"start":{"line":121,"column":107},"end":{"line":121,"column":116}}]},"26":{"line":126,"type":"if","locations":[{"start":{"line":126,"column":2},"end":{"line":126,"column":2}},{"start":{"line":126,"column":2},"end":{"line":126,"column":2}}]},"27":{"line":127,"type":"if","locations":[{"start":{"line":127,"column":4},"end":{"line":127,"column":4}},{"start":{"line":127,"column":4},"end":{"line":127,"column":4}}]},"28":{"line":137,"type":"if","locations":[{"start":{"line":137,"column":2},"end":{"line":137,"column":2}},{"start":{"line":137,"column":2},"end":{"line":137,"column":2}}]},"29":{"line":138,"type":"cond-expr","locations":[{"start":{"line":138,"column":74},"end":{"line":138,"column":90}},{"start":{"line":138,"column":93},"end":{"line":138,"column":95}}]},"30":{"line":144,"type":"if","locations":[{"start":{"line":144,"column":2},"end":{"line":144,"column":2}},{"start":{"line":144,"column":2},"end":{"line":144,"column":2}}]},"31":{"line":151,"type":"if","locations":[{"start":{"line":151,"column":2},"end":{"line":151,"column":2}},{"start":{"line":151,"column":2},"end":{"line":151,"column":2}}]},"32":{"line":155,"type":"if","locations":[{"start":{"line":155,"column":4},"end":{"line":155,"column":4}},{"start":{"line":155,"column":4},"end":{"line":155,"column":4}}]},"33":{"line":155,"type":"binary-expr","locations":[{"start":{"line":155,"column":8},"end":{"line":155,"column":28}},{"start":{"line":155,"column":33},"end":{"line":155,"column":53}},{"start":{"line":155,"column":57},"end":{"line":155,"column":75}}]}},"code":["\"use strict\";","","var _extends = Object.assign || function (target) { for (var i = 1; i < arguments.length; i++) { var source = arguments[i]; for (var key in source) { if (Object.prototype.hasOwnProperty.call(source, key)) { target[key] = source[key]; } } } return target; };","","function _interopRequireDefault(obj) { return obj && obj.__esModule ? obj : { \"default\": obj }; }","","var _fs = require(\"fs\");","","var _fs2 = _interopRequireDefault(_fs);","","var _postcss = require(\"postcss\");","","var _postcss2 = _interopRequireDefault(_postcss);","","var _caniuseApi = require(\"caniuse-api\");","","var _fixes = require(\"./fixes\");","","var _fixes2 = _interopRequireDefault(_fixes);","","var _features = require(\"./features\");","","var _features2 = _interopRequireDefault(_features);","","var _featuresActivationMap = require(\"./features-activation-map\");","","var _featuresActivationMap2 = _interopRequireDefault(_featuresActivationMap);","","var _optionMessages = require(\"./option.messages\");","","var _optionMessages2 = _interopRequireDefault(_optionMessages);","","/**"," * Process a CSS `string`"," *"," * @param {String} string (optional)"," * @param {Object} options (optional)"," * @return {String} if string is given, or {Object} (postcss instance)"," */","function cssnext(string, options) {","  // prevent usage as a webpack loader","  // webpack run loader as function with an object as context","  // this object contains a \"webpack\" key set to true if used as a loader","  // https://github.com/cssnext/cssnext/issues/61","  if (typeof this === \"object\" && this.webpack === true) {","    throw new Error(\"⚠︎ Don't use directly cssnext as a webpack loader. \" + \"Please use `cssnext-loader` instead: \" + \"https://github.com/cssnext/cssnext-loader\");","  }","","  if (arguments.length === 0) {","    options = {};","  }","  if (arguments.length === 1 && typeof string === \"object\") {","    options = string;","    string = undefined;","  } else {","    options = options || {};","  }","","  options = _extends({","    features: {},","    // options.browsers is deliberately undefined by defaut to inherit","    // browserslist default behavior","    // default sourcemap","    // if `map` option is passed, `sourcemap` option is ignored","    // if `sourcemap` option is passed, a inline map is used","    map: options.sourcemap ? true : null,","    messages: true","  }, options);","","  var features = options.features;","","  // propagate browsers option to autoprefixer","  if (features.autoprefixer !== false) {","    features.autoprefixer = _extends({","      browsers: features.autoprefixer && features.autoprefixer.browsers ? features.autoprefixer.browsers : options.browsers","    }, features.autoprefixer || {});","","    // autoprefixer doesn't like an \"undefined\" value. Related to coffee ?","    if (features.autoprefixer.browsers === undefined) {","      delete features.autoprefixer.browsers;","    }","  }","","  var postcss = (0, _postcss2[\"default\"])();","","  // only enable import & url if fs module is available","  if (_fs2[\"default\"] && _fs2[\"default\"].readFile) {","    // @import","    if (options[\"import\"] !== false) {","      var plugin = require(\"postcss-import\")(typeof options[\"import\"] === \"object\" ? _extends({}, options[\"import\"]) : undefined);","      postcss.use(plugin);","    }","","    // url() adjustements","    if (options.url !== false) {","      var plugin = require(\"postcss-url\")(typeof options.url === \"object\" ? _extends({}, options.url) : undefined);","      postcss.use(plugin);","    }","  }","","  // tmp fixes","  Object.keys(_fixes2[\"default\"]).forEach(function (key) {","    return postcss.use(_fixes2[\"default\"][key]);","  });","","  // features","  Object.keys(cssnext.features).forEach(function (key) {","    // feature is auto enabled if: not disable && (enabled || no data yet ||","    // !supported yet)","    if (","    // feature is not disabled","    features[key] !== false && (","    // feature is enabled","    features[key] === true ||","","    // feature don't have any browsers data (yet)","    _featuresActivationMap2[\"default\"][key] === undefined ||","","    // feature is not yet supported by the browsers scope","    _featuresActivationMap2[\"default\"][key] && _featuresActivationMap2[\"default\"][key][0] && !(0, _caniuseApi.isSupported)(_featuresActivationMap2[\"default\"][key][0], options.browsers))) {","      var plugin = cssnext.features[key](typeof features[key] === \"object\" ? _extends({}, features[key]) : undefined);","      postcss.use(plugin);","    }","  });","","  if (options.plugins) {","    if (!Array.isArray(options.plugins)) {","      throw new Error(\"cssnext 'plugins' option expect an array of PostCSS plugins. \" + \"You provided \" + typeof options.plugins);","    }","","    options.plugins.forEach(function (plugin) {","      return postcss.use(plugin);","    });","  }","","  // minification","  if (options.compress) {","    postcss.use(require(\"cssnano\")(typeof options.compress === \"object\" ? options.compress : {}));","  }","","  // console plugins MUST be called after others because","  // by default it remove messages from the registry","  // (which make sense)","  if (options.messages) {","    (0, _optionMessages2[\"default\"])(options).forEach(function (plugin) {","      postcss.use(plugin);","    });","  }","","  // classic API if string is passed","  if (typeof string === \"string\") {","    var result = postcss.process(string, options);","","    // default behavior, cssnext returns a css string if no or inline sourcemap","    if (options.map === null || (options.map === true || options.map.inline)) {","      return result.css;","    }","","    // if a specific map has been asked, we are returning css + map","    return result;","  }","  // or return the postcss instance that can be consumed as a postcss plugin","  else {","      return postcss;","    }","}","","/**"," * Expose cssnext features"," *"," * @type {Object}"," */","cssnext.features = _features2[\"default\"];","","/**"," * Expose cssnext"," *"," * @type {Function}"," */","module.exports = cssnext;"],"l":{"3":1,"5":6,"7":1,"9":1,"11":1,"13":1,"15":1,"17":1,"19":1,"21":1,"23":1,"25":1,"27":1,"29":1,"31":1,"40":1,"45":0,"46":0,"49":0,"50":0,"52":0,"53":0,"54":0,"56":0,"59":0,"70":0,"73":0,"74":0,"79":0,"80":0,"84":0,"87":0,"89":0,"90":0,"91":0,"95":0,"96":0,"97":0,"102":0,"103":0,"107":0,"110":0,"121":0,"122":0,"126":0,"127":0,"128":0,"131":0,"132":0,"137":0,"138":0,"144":0,"145":0,"146":0,"151":0,"152":0,"155":0,"156":0,"160":0,"164":0,"173":1,"180":1}},"/home/travis/build/npmtest/node-npmtest-cssnext/node_modules/cssnext/dist/fixes/index.js":{"path":"/home/travis/build/npmtest/node-npmtest-cssnext/node_modules/cssnext/dist/fixes/index.js","s":{"1":1,"2":1,"3":1,"4":1,"5":1,"6":1,"7":1},"b":{"1":[0,1],"2":[1,1]},"f":{"1":1},"fnMap":{"1":{"name":"_interopRequireDefault","line":7,"loc":{"start":{"line":7,"column":0},"end":{"line":7,"column":37}}}},"statementMap":{"1":{"start":{"line":3,"column":0},"end":{"line":5,"column":3}},"2":{"start":{"line":7,"column":0},"end":{"line":7,"column":97}},"3":{"start":{"line":7,"column":39},"end":{"line":7,"column":95}},"4":{"start":{"line":9,"column":0},"end":{"line":9,"column":79}},"5":{"start":{"line":11,"column":0},"end":{"line":11,"column":89}},"6":{"start":{"line":13,"column":0},"end":{"line":15,"column":2}},"7":{"start":{"line":16,"column":0},"end":{"line":16,"column":36}}},"branchMap":{"1":{"line":7,"type":"cond-expr","locations":[{"start":{"line":7,"column":70},"end":{"line":7,"column":73}},{"start":{"line":7,"column":76},"end":{"line":7,"column":94}}]},"2":{"line":7,"type":"binary-expr","locations":[{"start":{"line":7,"column":46},"end":{"line":7,"column":49}},{"start":{"line":7,"column":53},"end":{"line":7,"column":67}}]}},"code":["\"use strict\";","","Object.defineProperty(exports, \"__esModule\", {","  value: true","});","","function _interopRequireDefault(obj) { return obj && obj.__esModule ? obj : { \"default\": obj }; }","","var _customSelectorsMissingColon = require(\"./custom-selectors-missing-colon\");","","var _customSelectorsMissingColon2 = _interopRequireDefault(_customSelectorsMissingColon);","","exports[\"default\"] = {","  customSelectorsMissingColon: _customSelectorsMissingColon2[\"default\"]","};","module.exports = exports[\"default\"];"],"l":{"3":1,"7":1,"9":1,"11":1,"13":1,"16":1}},"/home/travis/build/npmtest/node-npmtest-cssnext/node_modules/cssnext/dist/fixes/custom-selectors-missing-colon.js":{"path":"/home/travis/build/npmtest/node-npmtest-cssnext/node_modules/cssnext/dist/fixes/custom-selectors-missing-colon.js","s":{"1":1,"2":1,"3":1,"4":1,"5":1,"6":1,"7":1,"8":1,"9":0,"10":0,"11":0,"12":0,"13":0,"14":0,"15":0,"16":0,"17":1},"b":{"1":[0,1],"2":[1,1],"3":[0,0],"4":[0,0]},"f":{"1":1,"2":1,"3":0,"4":0},"fnMap":{"1":{"name":"_interopRequireDefault","line":7,"loc":{"start":{"line":7,"column":0},"end":{"line":7,"column":37}}},"2":{"name":"(anonymous_2)","line":13,"loc":{"start":{"line":13,"column":60},"end":{"line":13,"column":72}}},"3":{"name":"(anonymous_3)","line":16,"loc":{"start":{"line":16,"column":9},"end":{"line":16,"column":35}}},"4":{"name":"(anonymous_4)","line":18,"loc":{"start":{"line":18,"column":41},"end":{"line":18,"column":57}}}},"statementMap":{"1":{"start":{"line":3,"column":0},"end":{"line":5,"column":3}},"2":{"start":{"line":7,"column":0},"end":{"line":7,"column":97}},"3":{"start":{"line":7,"column":39},"end":{"line":7,"column":95}},"4":{"start":{"line":9,"column":0},"end":{"line":9,"column":34}},"5":{"start":{"line":11,"column":0},"end":{"line":11,"column":49}},"6":{"start":{"line":13,"column":0},"end":{"line":34,"column":3}},"7":{"start":{"line":14,"column":2},"end":{"line":14,"column":30}},"8":{"start":{"line":16,"column":2},"end":{"line":33,"column":4}},"9":{"start":{"line":17,"column":4},"end":{"line":17,"column":22}},"10":{"start":{"line":18,"column":4},"end":{"line":32,"column":7}},"11":{"start":{"line":19,"column":6},"end":{"line":31,"column":7}},"12":{"start":{"line":22,"column":8},"end":{"line":25,"column":9}},"13":{"start":{"line":23,"column":10},"end":{"line":23,"column":23}},"14":{"start":{"line":24,"column":10},"end":{"line":24,"column":294}},"15":{"start":{"line":27,"column":8},"end":{"line":27,"column":164}},"16":{"start":{"line":30,"column":8},"end":{"line":30,"column":40}},"17":{"start":{"line":35,"column":0},"end":{"line":35,"column":36}}},"branchMap":{"1":{"line":7,"type":"cond-expr","locations":[{"start":{"line":7,"column":70},"end":{"line":7,"column":73}},{"start":{"line":7,"column":76},"end":{"line":7,"column":94}}]},"2":{"line":7,"type":"binary-expr","locations":[{"start":{"line":7,"column":46},"end":{"line":7,"column":49}},{"start":{"line":7,"column":53},"end":{"line":7,"column":67}}]},"3":{"line":19,"type":"if","locations":[{"start":{"line":19,"column":6},"end":{"line":19,"column":6}},{"start":{"line":19,"column":6},"end":{"line":19,"column":6}}]},"4":{"line":22,"type":"if","locations":[{"start":{"line":22,"column":8},"end":{"line":22,"column":8}},{"start":{"line":22,"column":8},"end":{"line":22,"column":8}}]}},"code":["\"use strict\";","","Object.defineProperty(exports, \"__esModule\", {","  value: true","});","","function _interopRequireDefault(obj) { return obj && obj.__esModule ? obj : { \"default\": obj }; }","","var _postcss = require(\"postcss\");","","var _postcss2 = _interopRequireDefault(_postcss);","","exports[\"default\"] = _postcss2[\"default\"].plugin(\"cssnext\", function () {","  var cs = \"@custom-selector\";","","  return function (styles, result) {","    var alert = false;","    styles.eachAtRule(\"custom-selector\", function (rule) {","      if (rule.params.indexOf(\"--\") === 0) {","","        // display big warning once","        if (!alert) {","          alert = true;","          result.warn(\"Previously \" + cs + \" were working with and without pseudo \" + (\"syntax ':'. Now you must use '\" + cs + \" :--{name}' syntax \") + (\"instead of '\" + cs + \" --{name}'. The support of \") + \"syntax without ':' and this warning will be remove in the \" + \"next major release.\");","        }","","        result.warn([\"Incorrect syntax for \" + cs + \".\", \"  \" + cs + \" \" + rule.params, \"Should be:\", \"  \" + cs + \" :\" + rule.params].join(\"\\n\\n\"), { node: rule });","","        // fix for postcss-custom-selectors 2.x","        rule.params = \":\" + rule.params;","      }","    });","  };","});","module.exports = exports[\"default\"];"],"l":{"3":1,"7":1,"9":1,"11":1,"13":1,"14":1,"16":1,"17":0,"18":0,"19":0,"22":0,"23":0,"24":0,"27":0,"30":0,"35":1}},"/home/travis/build/npmtest/node-npmtest-cssnext/node_modules/cssnext/dist/features.js":{"path":"/home/travis/build/npmtest/node-npmtest-cssnext/node_modules/cssnext/dist/features.js","s":{"1":1,"2":1,"3":0,"4":0,"5":0,"6":0,"7":0,"8":0,"9":0,"10":0,"11":0,"12":0,"13":0,"14":0,"15":0,"16":0,"17":0,"18":0,"19":0,"20":0,"21":0,"22":1},"b":{},"f":{"1":0,"2":0,"3":0,"4":0,"5":0,"6":0,"7":0,"8":0,"9":0,"10":0,"11":0,"12":0,"13":0,"14":0,"15":0,"16":0,"17":0,"18":0,"19":0},"fnMap":{"1":{"name":"customProperties","line":8,"loc":{"start":{"line":8,"column":20},"end":{"line":8,"column":55}}},"2":{"name":"calc","line":11,"loc":{"start":{"line":11,"column":8},"end":{"line":11,"column":31}}},"3":{"name":"customMedia","line":14,"loc":{"start":{"line":14,"column":15},"end":{"line":14,"column":45}}},"4":{"name":"mediaQueriesRange","line":17,"loc":{"start":{"line":17,"column":21},"end":{"line":17,"column":57}}},"5":{"name":"customSelectors","line":20,"loc":{"start":{"line":20,"column":19},"end":{"line":20,"column":53}}},"6":{"name":"colorRebeccapurple","line":23,"loc":{"start":{"line":23,"column":22},"end":{"line":23,"column":59}}},"7":{"name":"colorHwb","line":26,"loc":{"start":{"line":26,"column":12},"end":{"line":26,"column":39}}},"8":{"name":"colorGray","line":29,"loc":{"start":{"line":29,"column":13},"end":{"line":29,"column":41}}},"9":{"name":"colorHexAlpha","line":32,"loc":{"start":{"line":32,"column":17},"end":{"line":32,"column":49}}},"10":{"name":"colorFunction","line":35,"loc":{"start":{"line":35,"column":17},"end":{"line":35,"column":49}}},"11":{"name":"fontVariant","line":38,"loc":{"start":{"line":38,"column":15},"end":{"line":38,"column":45}}},"12":{"name":"filter","line":41,"loc":{"start":{"line":41,"column":10},"end":{"line":41,"column":35}}},"13":{"name":"rem","line":44,"loc":{"start":{"line":44,"column":7},"end":{"line":44,"column":29}}},"14":{"name":"pseudoElements","line":47,"loc":{"start":{"line":47,"column":18},"end":{"line":47,"column":51}}},"15":{"name":"pseudoClassMatches","line":50,"loc":{"start":{"line":50,"column":22},"end":{"line":50,"column":59}}},"16":{"name":"pseudoClassNot","line":53,"loc":{"start":{"line":53,"column":18},"end":{"line":53,"column":51}}},"17":{"name":"pseudoClassAnyLink","line":56,"loc":{"start":{"line":56,"column":22},"end":{"line":56,"column":59}}},"18":{"name":"colorRgba","line":59,"loc":{"start":{"line":59,"column":13},"end":{"line":59,"column":41}}},"19":{"name":"autoprefixer","line":62,"loc":{"start":{"line":62,"column":16},"end":{"line":62,"column":47}}}},"statementMap":{"1":{"start":{"line":3,"column":0},"end":{"line":5,"column":3}},"2":{"start":{"line":6,"column":0},"end":{"line":65,"column":2}},"3":{"start":{"line":9,"column":4},"end":{"line":9,"column":57}},"4":{"start":{"line":12,"column":4},"end":{"line":12,"column":44}},"5":{"start":{"line":15,"column":4},"end":{"line":15,"column":52}},"6":{"start":{"line":18,"column":4},"end":{"line":18,"column":52}},"7":{"start":{"line":21,"column":4},"end":{"line":21,"column":56}},"8":{"start":{"line":24,"column":4},"end":{"line":24,"column":59}},"9":{"start":{"line":27,"column":4},"end":{"line":27,"column":49}},"10":{"start":{"line":30,"column":4},"end":{"line":30,"column":50}},"11":{"start":{"line":33,"column":4},"end":{"line":33,"column":55}},"12":{"start":{"line":36,"column":4},"end":{"line":36,"column":54}},"13":{"start":{"line":39,"column":4},"end":{"line":39,"column":52}},"14":{"start":{"line":42,"column":4},"end":{"line":42,"column":48}},"15":{"start":{"line":45,"column":4},"end":{"line":45,"column":38}},"16":{"start":{"line":48,"column":4},"end":{"line":48,"column":54}},"17":{"start":{"line":51,"column":4},"end":{"line":51,"column":56}},"18":{"start":{"line":54,"column":4},"end":{"line":54,"column":52}},"19":{"start":{"line":57,"column":4},"end":{"line":57,"column":61}},"20":{"start":{"line":60,"column":4},"end":{"line":60,"column":59}},"21":{"start":{"line":63,"column":4},"end":{"line":63,"column":49}},"22":{"start":{"line":66,"column":0},"end":{"line":66,"column":36}}},"branchMap":{},"code":["\"use strict\";","","Object.defineProperty(exports, \"__esModule\", {","  value: true","});","exports[\"default\"] = {","  // Reminder: order is important","  customProperties: function customProperties(options) {","    return require(\"postcss-custom-properties\")(options);","  },","  calc: function calc(options) {","    return require(\"postcss-calc\")(options);","  },","  customMedia: function customMedia(options) {","    return require(\"postcss-custom-media\")(options);","  },","  mediaQueriesRange: function mediaQueriesRange(options) {"," 
[...]
nd":{"line":35,"column":2}},{"start":{"line":35,"column":2},"end":{"line":35,"column":2}}]},"8":{"line":36,"type":"cond-expr","locations":[{"start":{"line":36,"column":67},"end":{"line":38,"column":86}},{"start":{"line":38,"column":89},"end":{"line":38,"column":91}}]},"9":{"line":38,"type":"cond-expr","locations":[{"start":{"line":38,"column":54},"end":{"line":38,"column":78}},{"start":{"line":38,"column":81},"end":{"line":38,"column":83}}]},"10":{"line":38,"type":"cond-expr","locations":[{"start":{"line":38,"column":140},"end":{"line":38,"column":267}},{"start":{"line":38,"column":270},"end":{"line":38,"column":272}}]},"11":{"line":38,"type":"cond-expr","locations":[{"start":{"line":38,"column":235},"end":{"line":38,"column":259}},{"start":{"line":38,"column":262},"end":{"line":38,"column":264}}]}},"code":["\"use strict\";","","Object.defineProperty(exports, \"__esModule\", {","  value: true","});","","var _extends = Object.assign || function (target) { for (var i = 1; i < arguments.length; i++) { var source = arguments[i]; for (var key in source) { if (Object.prototype.hasOwnProperty.call(source, key)) { target[key] = source[key]; } } } return target; };","","function _interopRequireDefault(obj) { return obj && obj.__esModule ? obj : { \"default\": obj }; }","","function _toConsumableArray(arr) { if (Array.isArray(arr)) { for (var i = 0, arr2 = Array(arr.length); i < arr.length; i++) arr2[i] = arr[i]; return arr2; } else { return Array.from(arr); } }","","var _postcssReporter = require(\"postcss-reporter\");","","var _postcssReporter2 = _interopRequireDefault(_postcssReporter);","","// https://github.com/postcss/postcss-messages/issues/16","// import postcssMessagesCSS from \"postcss-messages\"","","var _pluginsMessages = require(\"./plugins/messages\");","","var _pluginsMessages2 = _interopRequireDefault(_pluginsMessages);","","var _optionMessagesBrowserStylesJs = require(\"./option.messages.browser.styles.js\");","","var _optionMessagesBrowserStylesJs2 = _interopRequireDefault(_optionMessagesBrowserStylesJs);","","exports[\"default\"] = function (options) {","  // true === all interfaces","  if (options.messages === true) {","    return [(0, _pluginsMessages2[\"default\"])({ styles: _optionMessagesBrowserStylesJs2[\"default\"] }), _postcssReporter2[\"default\"]];","  }","","  // object: only the one you want","  if (typeof options.messages === \"object\") {","    return [].concat(_toConsumableArray(options.messages.browser ? [(0, _pluginsMessages2[\"default\"])(_extends({","      styles: _optionMessagesBrowserStylesJs2[\"default\"]","    }, typeof options.messages.browser === \"object\" ? options.messages.browser : {}))] : []), _toConsumableArray(options.messages.console ? [(0, _postcssReporter2[\"default\"])(_extends({}, typeof options.messages.console === \"object\" ? options.messages.console : {}))] : []));","  }","","  // otherwise nothing :)","  return [];","};","","module.exports = exports[\"default\"];"],"l":{"3":1,"7":1,"9":3,"11":1,"13":1,"15":1,"20":1,"22":1,"24":1,"26":1,"28":1,"30":0,"31":0,"35":0,"36":0,"42":0,"45":1}},"/home/travis/build/npmtest/node-npmtest-cssnext/node_modules/cssnext/dist/plugins/messages.js":{"path":"/home/travis/build/npmtest/node-npmtest-cssnext/node_modules/cssnext/dist/plugins/messages.js","s":{"1":1,"2":1,"3":0,"4":0,"5":0,"6":0,"7":0,"8":0,"9":1,"10":2,"11":1,"12":1,"13":1,"14":1,"15":1,"16":0,"17":0,"18":0,"19":0,"20":0,"21":0,"22":0,"23":0,"24":0,"25":0,"26":0,"27":0,"28":0,"29":0,"30":0,"31":0,"32":1,"33":1,"34":1,"35":0,"36":1,"37":1,"38":1,"39":0,"40":0,"41":0,"42":0,"43":0,"44":0,"45":0,"46":0,"47":0,"48":0,"49":0,"50":0,"51":0,"52":0,"53":0,"54":0,"55":1},"b":{"1":[1,0],"2":[0,0],"3":[0,2],"4":[2,2],"5":[0,0,0,0,0,0],"6":[0,0],"7":[0,1],"8":[0,1],"9":[0,0],"10":[0,0],"11":[0,0],"12":[0,0]},"f":{"1":0,"2":2,"3":0,"4":1,"5":0,"6":0,"7":0,"8":0,"9":0},"fnMap":{"1":{"name":"(anonymous_1)","line":10,"loc":{"start":{"line":10,"column":32},"end":{"line":10,"column":50}}},"2":{"name":"_interopRequireDefault","line":12,"loc":{"start":{"line":12,"column":0},"end":{"line":12,"column":37}}},"3":{"name":"escapeForCSS","line":24,"loc":{"start":{"line":24,"column":0},"end":{"line":24,"column":30}}},"4":{"name":"(anonymous_4)","line":58,"loc":{"start":{"line":58,"column":69},"end":{"line":58,"column":88}}},"5":{"name":"(anonymous_5)","line":62,"loc":{"start":{"line":62,"column":11},"end":{"line":62,"column":23}}},"6":{"name":"(anonymous_6)","line":70,"loc":{"start":{"line":70,"column":9},"end":{"line":70,"column":32}}},"7":{"name":"(anonymous_7)","line":80,"loc":{"start":{"line":80,"column":19},"end":{"line":80,"column":35}}},"8":{"name":"(anonymous_8)","line":88,"loc":{"start":{"line":88,"column":32},"end":{"line":88,"column":47}}},"9":{"name":"(anonymous_9)","line":96,"loc":{"start":{"line":96,"column":31},"end":{"line":96,"column":50}}}},"statementMap":{"1":{"start":{"line":6,"column":0},"end":{"line":8,"column":3}},"2":{"start":{"line":10,"column":0},"end":{"line":10,"column":257}},"3":{"start":{"line":10,"column":52},"end":{"line":10,"column":239}},"4":{"start":{"line":10,"column":97},"end":{"line":10,"column":123}},"5":{"start":{"line":10,"column":124},"end":{"line":10,"column":237}},"6":{"start":{"line":10,"column":150},"end":{"line":10,"column":235}},"7":{"start":{"line":10,"column":207},"end":{"line":10,"column":233}},"8":{"start":{"line":10,"column":240},"end":{"line":10,"column":254}},"9":{"start":{"line":12,"column":0},"end":{"line":12,"column":97}},"10":{"start":{"line":12,"column":39},"end":{"line":12,"column":95}},"11":{"start":{"line":14,"column":0},"end":{"line":14,"column":34}},"12":{"start":{"line":16,"column":0},"end":{"line":16,"column":49}},"13":{"start":{"line":18,"column":0},"end":{"line":18,"column":30}},"14":{"start":{"line":20,"column":0},"end":{"line":20,"column":45}},"15":{"start":{"line":24,"column":0},"end":{"line":56,"column":1}},"16":{"start":{"line":25,"column":2},"end":{"line":25,"column":21}},"17":{"start":{"line":26,"column":2},"end":{"line":53,"column":3}},"18":{"start":{"line":27,"column":4},"end":{"line":27,"column":30}},"19":{"start":{"line":28,"column":4},"end":{"line":52,"column":5}},"20":{"start":{"line":31,"column":8},"end":{"line":31,"column":28}},"21":{"start":{"line":32,"column":8},"end":{"line":32,"column":14}},"22":{"start":{"line":37,"column":8},"end":{"line":37,"column":31}},"23":{"start":{"line":38,"column":8},"end":{"line":38,"column":14}},"24":{"start":{"line":42,"column":8},"end":{"line":50,"column":9}},"25":{"start":{"line":43,"column":10},"end":{"line":43,"column":56}},"26":{"start":{"line":44,"column":10},"end":{"line":46,"column":11}},"27":{"start":{"line":45,"column":12},"end":{"line":45,"column":32}},"28":{"start":{"line":48,"column":10},"end":{"line":48,"column":42}},"29":{"start":{"line":49,"column":10},"end":{"line":49,"column":19}},"30":{"start":{"line":51,"column":8},"end":{"line":51,"column":31}},"31":{"start":{"line":55,"column":2},"end":{"line":55,"column":19}},"32":{"start":{"line":58,"column":0},"end":{"line":105,"column":3}},"33":{"start":{"line":59,"column":2},"end":{"line":59,"column":34}},"34":{"start":{"line":61,"column":2},"end":{"line":63,"column":3}},"35":{"start":{"line":62,"column":4},"end":{"line":62,"column":26}},"36":{"start":{"line":65,"column":2},"end":{"line":67,"column":4}},"37":{"start":{"line":68,"column":2},"end":{"line":68,"column":63}},"38":{"start":{"line":70,"column":2},"end":{"line":104,"column":4}},"39":{"start":{"line":71,"column":4},"end":{"line":71,"column":37}},"40":{"start":{"line":72,"column":4},"end":{"line":74,"column":5}},"41":{"start":{"line":73,"column":6},"end":{"line":73,"column":13}},"42":{"start":{"line":76,"column":4},"end":{"line":76,"column":34}},"43":{"start":{"line":77,"column":4},"end":{"line":85,"column":5}},"44":{"start":{"line":78,"column":6},"end":{"line":78,"column":34}},"45":{"start":{"line":80,"column":6},"end":{"line":84,"column":9}},"46":{"start":{"line":81,"column":8},"end":{"line":83,"column":9}},"47":{"start":{"line":82,"column":10},"end":{"line":82,"column":35}},"48":{"start":{"line":87,"column":4},"end":{"line":87,"column":39}},"49":{"start":{"line":88,"column":4},"end":{"line":93,"column":7}},"50":{"start":{"line":89,"column":6},"end":{"line":92,"column":9}},"51":{"start":{"line":95,"column":4},"end":{"line":95,"column":21}},"52":{"start":{"line":96,"column":4},"end":{"line":98,"column":37}},"53":{"start":{"line":97,"column":6},"end":{"line":97,"column":32}},"54":{"start":{"line":100,"column":4},"end":{"line":103,"column":7}},"55":{"start":{"line":106,"column":0},"end":{"line":106,"column":36}}},"branchMap":{"1":{"line":10,"type":"binary-expr","locations":[{"start":{"line":10,"column":15},"end":{"line":10,"column":28}},{"start":{"line":10,"column":32},"end":{"line":10,"column":256}}]},"2":{"line":10,"type":"if","locations":[{"start":{"line":10,"column":150},"end":{"line":10,"column":150}},{"start":{"line":10,"column":150},"end":{"line":10,"column":150}}]},"3":{"line":12,"type":"cond-expr","locations":[{"start":{"line":12,"column":70},"end":{"line":12,"column":73}},{"start":{"line":12,"column":76},"end":{"line":12,"column":94}}]},"4":{"line":12,"type":"binary-expr","locations":[{"start":{"line":12,"column":46},"end":{"line":12,"column":49}},{"start":{"line":12,"column":53},"end":{"line":12,"column":67}}]},"5":{"line":28,"type":"switch","locations":[{"start":{"line":29,"column":6},"end":{"line":29,"column":16}},{"start":{"line":30,"column":6},"end":{"line":32,"column":14}},{"start":{"line":34,"column":6},"end":{"line":34,"column":16}},{"start":{"line":35,"column":6},"end":{"line":35,"column":16}},{"start":{"line":36,"column":6},"end":{"line":38,"column":14}},{"start":{"line":40,"column":6},"end":{"line":51,"column":31}}]},"6":{"line":42,"type":"if","locations":[{"start":{"line":42,"column":8},"end":{"line":42,"column":8}},{"start":{"line":42,"column":8},"end":{"line":42,"column":8}}]},"7":{"line":61,"type":"if","locations":[{"start":{"line":61,"column":2},"end":{"line":61,"column":2}},{"start":{"line":61,"column":2},"end":{"line":61,"column":2}}]},"8":{"line":68,"type":"cond-expr","locations":[{"start":{"line":68,"column":32},"end":{"line":68,"column":46}},{"start":{"line":68,"column":49},"end":{"line":68,"column":62}}]},"9":{"line":72,"type":"if","locations":[{"start":{"line":72,"column":4},"end":{"line":72,"column":4}},{"start":{"line":72,"column":4},"end":{"line":72,"column":4}}]},"10":{"line":77,"type":"if","locations":[{"start":{"line":77,"column":4},"end":{"line":77,"column":4}},{"start":{"line":77,"column":4},"end":{"line":77,"column":4}}]},"11":{"line":81,"type":"if","locations":[{"start":{"line":81,"column":8},"end":{"line":81,"column":8}},{"start":{"line":81,"column":8},"end":{"line":81,"column":8}}]},"12":{"line":81,"type":"binary-expr","locations":[{"start":{"line":81,"column":12},"end":{"line":81,"column":44}},{"start":{"line":81,"column":48},"end":{"line":81,"column":79}}]}},"code":["// why this plugin ?","// https://github.com/postcss/postcss-messages/issues/16","","\"use strict\";","","Object.defineProperty(exports, \"__esModule\", {","  value: true","});","","var _extends = Object.assign || function (target) { for (var i = 1; i < arguments.length; i++) { var source = arguments[i]; for (var key in source) { if (Object.prototype.hasOwnProperty.call(source, key)) { target[key] = source[key]; } } } return target; };","","function _interopRequireDefault(obj) { return obj && obj.__esModule ? obj : { \"default\": obj }; }","","var _postcss = require(\"postcss\");","","var _postcss2 = _interopRequireDefault(_postcss);","","var _chalk = require(\"chalk\");","","var _chalk2 = _interopRequireDefault(_chalk);","","// http://www.w3.org/TR/CSS2/syndata.html#characters","// tl;dr: escape as utf-16 all non ascii chars + new lines & quotes","function escapeForCSS(string) {","  var newString = \"\";","  for (var i = 0; i < string.length; i++) {","    var ch = string.charAt(i);","    switch (ch) {","      case \"\\n\":","      case \"\\r\":","        newString += \"\\\\A \";","        break;","","      case \"\\\\\":","      case \"\\'\":","      case \"\\\"\":","        newString += \"\\\\\" + ch;","        break;","","      default:","        // non ascii","        if (!ch.match(/^[\\x00-\\x7F]*$/)) {","          var hexCh = string.charCodeAt(i).toString(16);","          while (hexCh.length < 4) {","            hexCh = \"0\" + hexCh;","          }","          // space at the end is required","          newString += \"\\\\\" + hexCh + \" \";","          continue;","        }","        newString += string[i];","    }","  }","","  return newString;","}","","exports[\"default\"] = _postcss2[\"default\"].plugin(\"postcss-messages\", function (options) {","  options = _extends({}, options);","","  if (options.disabled) {","    return function () {};","  }","","  var defaultStyles = {","    // ...","  };","  var styles = options.styles ? options.styles : defaultStyles;","","  return function (css, result) {","    var messages = result.warnings();","    if (messages.length === 0) {","      return;","    }","","    var selector = \"html::before\";","    if (options.selector) {","      selector = options.selector;","    } else {","      css.eachRule(function (rule) {","        if (rule.selector === \"html::before\" || rule.selector === \"html:before\") {","          selector = \"html::after\";","        }","      });","    }","","    css.append({ selector: selector });","    Object.keys(styles).forEach(function (key) {","      css.last.append({","        prop: key,","        value: styles[key]","      });","    });","","    var bullet = \"›\";","    var content = messages.map(function (message) {","      return message.toString();","    }).join(\"\\n\\n\\n\" + bullet + \" \");","","    css.last.append({","      prop: \"content\",","      value: \"\\\"\" + escapeForCSS(bullet + \" \" + _chalk2[\"default\"].stripColor(content)) + \"\\\"\"","    });","  };","});","module.exports = exports[\"default\"];"],"l":{"6":1,"10":1,"12":2,"14":1,"16":1,"18":1,"20":1,"24":1,"25":0,"26":0,"27":0,"28":0,"31":0,"32":0,"37":0,"38":0,"42":0,"43":0,"44":0,"45":0,"48":0,"49":0,"51":0,"55":0,"58":1,"59":1,"61":1,"62":0,"65":1,"68":1,"70":1,"71":0,"72":0,"73":0,"76":0,"77":0,"78":0,"80":0,"81":0,"82":0,"87":0,"88":0,"89":0,"95":0,"96":0,"97":0,"100":0,"106":1}},"/home/travis/build/npmtest/node-npmtest-cssnext/node_modules/cssnext/dist/option.messages.browser.styles.js":{"path":"/home/travis/build/npmtest/node-npmtest-cssnext/node_modules/cssnext/dist/option.messages.browser.styles.js","s":{"1":1,"2":1,"3":1,"4":1,"5":1},"b":{},"f":{},"fnMap":{},"statementMap":{"1":{"start":{"line":7,"column":0},"end":{"line":9,"column":3}},"2":{"start":{"line":10,"column":0},"end":{"line":10,"column":384}},"3":{"start":{"line":11,"column":0},"end":{"line":11,"column":955}},"4":{"start":{"line":14,"column":0},"end":{"line":39,"column":2}},"5":{"start":{"line":40,"column":0},"end":{"line":40,"column":36}}},"branchMap":{},"code":["// not using fs for in browser usage (playground)","//","// source: http://iconmonstr.com/warning-3-icon/","/* eslint-disable max-len */","\"use strict\";","","Object.defineProperty(exports, \"__esModule\", {","  value: true","});","var svgGradient = \"\\n<linearGradient id=\\\"SVGID_1_\\\" gradientUnits=\\\"userSpaceOnUse\\\" x1=\\\"125.7515\\\" y1=\\\"307.4834\\\" x2=\\\"125.7514\\\" y2=\\\"-73.4854\\\" gradientTransform=\\\"matrix(1 0 0 -1 -50 373)\\\">\\n  <stop  offset=\\\"0\\\" style=\\\"stop-color:#428BCA\\\"/>\\n  <stop  offset=\\\"0.325\\\" style=\\\"stop-color:#507DBF\\\"/>\\n  <stop  offset=\\\"1\\\" style=\\\"stop-color:#5C71B6\\\"/>\\n</linearGradient>\";","var warningSVG = (\"\\n<svg version=\\\"1.1\\\" xmlns=\\\"http://www.w3.org/2000/svg\\\" xmlns:xlink=\\\"http://www.w3.org/1999/xlink\\\" x=\\\"0px\\\" y=\\\"0px\\\"\\n  width=\\\"512px\\\" height=\\\"512px\\\" viewBox=\\\"0 0 512 512\\\" enable-background=\\\"new 0 0 512 512\\\" xml:space=\\\"preserve\\\">\\n  \" + svgGradient + \"\\n  <path\\n    fill=\\\"url(#SVGID_1_)\\\"\\n    d=\\\"M256.002,50C142.23,50,50,142.229,50,256.001C50,369.771,142.23,462,256.002,462C369.771,462,462,369.771,462,256.001C462,142.229,369.771,50,256.002,50z M256.46,398.518c-16.207,0-29.345-13.139-29.345-29.346c0-16.205,13.138-29.342,29.345-29.342c16.205,0,29.342,13.137,29.342,29.342C285.802,385.379,272.665,398.518,256.46,398.518zM295.233,158.239c-2.481,19.78-20.7,116.08-26.723,147.724c-1.113,5.852-6.229,10.1-12.187,10.1h-0.239c-6.169,0-11.438-4.379-12.588-10.438c-6.1-32.121-24.293-128.504-26.735-147.971c-2.94-23.441,15.354-44.171,38.977-44.171C279.674,113.483,298.213,134.488,295.233,158.239z\\\"\\n  />\\n</svg>\\n\").trim();","/* eslint-enable max-len */","","exports[\"default\"] = {","  display: \"block\",","  \"white-space\": \"pre-wrap\",","","  // not a problem for old browsers, box will still be on top of body","  position: \"fixed\",","  top: 0,","  left: 0,","  right: 0,","  \"z-index\": 10000, // just in case you know","","  \"font-size\": \".9em\",","  padding: \"1.5em 1em 1.5em 4.5em\", // padding + background image padding","","  color: \"#318edf\",","  \"background-color\": \"#fff\",","","  background: \"url(\\n      \\\"data:image/svg+xml;charset=utf-8,\" + encodeURIComponent(warningSVG) + \"\\\"\\n    ) 1em 1em / 2.5em 2.5em no-repeat, #fff\",","","  // sugar","  \"border-bottom\": \"4px solid #318edf\",","  \"box-shadow\": \"0 0 .6em rgba(0,0,0, .25)\",","","  // nice font","  \"font-family\": \"Menlo, Monaco, monospace\"","};","module.exports = exports[\"default\"];"],"l":{"7":1,"10":1,"11":1,"14":1,"40":1}},"/home/travis/build/npmtest/node-npmtest-cssnext/node_modules/cssnext/webpack.config.js":{"path":"/home/travis/build/npmtest/node-npmtest-cssnext/node_modules/cssnext/webpack.config.js","s":{"1":2,"2":0,"3":0,"4":0},"b":{"1":[0,0]},"f":{},"fnMap":{},"statementMap":{"1":{"start":{"line":1,"column":0},"end":{"line":1,"column":34}},"2":{"start":{"line":2,"column":0},"end":{"line":2,"column":64}},"3":{"start":{"line":4,"column":0},"end":{"line":4,"column":45}},"4":{"start":{"line":6,"column":0},"end":{"line":71,"column":1}}},"branchMap":{"1":{"line":53,"type":"cond-expr","locations":[{"start":{"line":54,"column":8},"end":{"line":61,"column":7}},{"start":{"line":62,"column":8},"end":{"line":62,"column":10}}]}},"code":["const webpack = require(\"webpack\")","const ExtractTextPlugin = require(\"extract-text-webpack-plugin\")","","const buildConfig = require(\"./build.config\")","","module.exports = {","  resolve: {","    extensions: [","      \"\",","      \".js\",","      \".json\",","      \".css\",","    ],","  },","","  module: {","    // ! \\\\ note that loaders are executed from bottom to top !","    loaders: [","      {","        test: /\\.(jsx?|es)$/,","        loaders: [","          \"babel\",","          \"eslint\",","        ],","        exclude: /node_modules/,","      },","      {","        test: /\\.json$/,","        loaders: [","          \"json\",","        ],","      },","      {","        test: /\\.css$/,","        loader: ExtractTextPlugin.extract(","          \"style-loader\",","          \"css-loader!cssnext-loader\"","        ),","      },","      {","        test: /\\.(ico|jpe?g|png|gif|svg)$/,","        loaders: [","          \"file?name=[path][name].[ext]&context=./docs/src\",","        ],","      },","    ],","  },","","  plugins: ([","    new webpack.DefinePlugin(buildConfig),","    new ExtractTextPlugin(\"[name].css\", {disable: !buildConfig.__PROD__}),","  ].concat(","      buildConfig.__PROD__","      ? [","        new webpack.optimize.DedupePlugin(),","        new webpack.optimize.UglifyJsPlugin({","          compress: {","            warnings: false,","          },","        }),","      ]","      : []","    )","  ),","","  node: {","    // https://github.com/webpack/webpack/issues/451","    // run tape test with webpack","    fs: \"empty\",","  },","}",""],"l":{"1":2,"2":0,"4":0,"6":0}}}